
Creating table AFWK_LOOKUP_TYPES
================================


create table DWSTG.AFWK_LOOKUP_TYPES
(
  lookup_id             NUMBER not null,
  lookup_type           VARCHAR2(30) not null,
  module_id             NUMBER not null,
  system_defined        VARCHAR2(30),
  allow_user_defined    VARCHAR2(30),
  object_version_number NUMBER,
  created_by            NUMBER not null,
  creation_date         DATE not null,
  last_updated_by       NUMBER not null,
  last_update_date      DATE not null,
  last_update_login     NUMBER
)
tablespace BI_DW_DATA
  pctfree 10
  initrans 1
  maxtrans 255
  storage
  (
    initial 64K
    next 1M
    minextents 1
    maxextents unlimited
  )

没有登录

alter table DWSTG.AFWK_LOOKUP_TYPES
  add constraint AFWK_LOOKUPS_PK primary key (LOOKUP_ID)
  using index
  tablespace BI_DW_IDX
  pctfree 10
  initrans 2
  maxtrans 255
  storage
  (
    initial 64K
    next 1M
    minextents 1
    maxextents unlimited
  )

没有登录

alter table DWSTG.AFWK_LOOKUP_TYPES
  add constraint AFWK_LOOKUPS_UK1 unique (LOOKUP_TYPE)
  using index
  tablespace BI_DW_IDX
  pctfree 10
  initrans 2
  maxtrans 255
  storage
  (
    initial 64K
    next 1M
    minextents 1
    maxextents unlimited
  )

没有登录

Creating table AFWK_LOOKUP_VALUES
=================================


create table DWSTG.AFWK_LOOKUP_VALUES
(
  lookup_value_id       NUMBER not null,
  lookup_id             NUMBER not null,
  lookup_code           VARCHAR2(100) not null,
  display_sequence      NUMBER,
  tag                   VARCHAR2(240),
  system_defined        VARCHAR2(30),
  enabled_flag          VARCHAR2(30),
  start_date_active     DATE,
  end_date_active       DATE,
  object_version_number NUMBER,
  created_by            NUMBER not null,
  creation_date         DATE not null,
  last_updated_by       NUMBER not null,
  last_update_date      DATE not null,
  last_update_login     NUMBER
)
tablespace BI_DW_DATA
  pctfree 10
  initrans 1
  maxtrans 255
  storage
  (
    initial 64K
    next 1M
    minextents 1
    maxextents unlimited
  )

没有登录

alter table DWSTG.AFWK_LOOKUP_VALUES
  add constraint AFWK_LOOKUP_VALUES_PK primary key (LOOKUP_VALUE_ID)
  using index
  tablespace BI_DW_IDX
  pctfree 10
  initrans 2
  maxtrans 255
  storage
  (
    initial 64K
    next 1M
    minextents 1
    maxextents unlimited
  )

没有登录

alter table DWSTG.AFWK_LOOKUP_VALUES
  add constraint AFWK_LOOKUP_VALUES_UK1 unique (LOOKUP_ID, LOOKUP_CODE)
  using index
  tablespace BI_DW_IDX
  pctfree 10
  initrans 2
  maxtrans 255
  storage
  (
    initial 64K
    next 1M
    minextents 1
    maxextents unlimited
  )

没有登录

alter table DWSTG.AFWK_LOOKUP_VALUES
  add constraint AFWK_LOOKUP_VALUES_FK1 foreign key (LOOKUP_ID)
  references DWSTG.AFWK_LOOKUP_TYPES (LOOKUP_ID)

没有登录

Creating table AFWK_LOOKUP_VALUES_TL
====================================


create table DWSTG.AFWK_LOOKUP_VALUES_TL
(
  lookup_value_id       NUMBER not null,
  meaning               VARCHAR2(100) not null,
  description           VARCHAR2(240),
  language              VARCHAR2(10) not null,
  source_lang           VARCHAR2(10),
  object_version_number NUMBER,
  created_by            NUMBER not null,
  creation_date         DATE not null,
  last_updated_by       NUMBER not null,
  last_update_date      DATE not null,
  last_update_login     NUMBER
)
tablespace BI_DW_DATA
  pctfree 10
  initrans 1
  maxtrans 255
  storage
  (
    initial 64K
    next 1M
    minextents 1
    maxextents unlimited
  )

没有登录

alter table DWSTG.AFWK_LOOKUP_VALUES_TL
  add constraint AFWK_LOOKUP_VALUES_TL_PK primary key (LOOKUP_VALUE_ID, LANGUAGE)
  using index
  tablespace BI_DW_IDX
  pctfree 10
  initrans 2
  maxtrans 255
  storage
  (
    initial 64K
    next 1M
    minextents 1
    maxextents unlimited
  )

没有登录

alter table DWSTG.AFWK_LOOKUP_VALUES_TL
  add constraint AFWK_LOOKUP_VALUES_TL_FK1 foreign key (LOOKUP_VALUE_ID)
  references DWSTG.AFWK_LOOKUP_VALUES (LOOKUP_VALUE_ID)

没有登录

Creating table BSM_BASE_BUDGET
==============================


create table DWSTG.BSM_BASE_BUDGET
(
  sale_budget_id     NUMBER not null,
  region_name        VARCHAR2(150) not null,
  region_id          NUMBER not null,
  zone_name          VARCHAR2(150) not null,
  zone_id            NUMBER not null,
  branch_name        VARCHAR2(150),
  branch_id          NUMBER,
  center_series_name VARCHAR2(150) not null,
  center_series_id   NUMBER not null,
  source_code        VARCHAR2(10),
  year               DATE,
  jan_quantity       NUMBER,
  feb_quantity       NUMBER,
  mar_quantity       NUMBER,
  apr_quantity       NUMBER,
  may_quantity       NUMBER,
  jun_quantity       NUMBER,
  jul_quantity       NUMBER,
  aug_quantity       NUMBER,
  sep_quantity       NUMBER,
  oct_quantity       NUMBER,
  nov_quantity       NUMBER,
  dec_quantity       NUMBER,
  row_version_number NUMBER default 1 not null,
  creation_date      DATE default sysdate not null,
  created_by         NUMBER default -1 not null,
  last_updated_by    NUMBER default -1 not null,
  last_update_date   DATE default sysdate not null,
  last_update_login  NUMBER,
  attribute_category VARCHAR2(30),
  attribute1         VARCHAR2(240),
  attribute2         VARCHAR2(240),
  attribute3         VARCHAR2(240),
  attribute4         VARCHAR2(240),
  attribute5         VARCHAR2(240),
  attribute6         VARCHAR2(240),
  attribute7         VARCHAR2(240),
  attribute8         VARCHAR2(240),
  attribute9         VARCHAR2(240),
  attribute10        VARCHAR2(240),
  attribute11        VARCHAR2(240),
  attribute12        VARCHAR2(240),
  attribute13        VARCHAR2(240),
  attribute14        VARCHAR2(240),
  attribute15        VARCHAR2(240)
)
tablespace BI_DW_DATA
  pctfree 10
  initrans 1
  maxtrans 255
  storage
  (
    initial 64K
    next 1M
    minextents 1
    maxextents unlimited
  )

没有登录

Creating table BSM_CENTER_BATTLE_BUDGET
=======================================


create table DWSTG.BSM_CENTER_BATTLE_BUDGET
(
  sale_budget_id     NUMBER not null,
  region_name        VARCHAR2(150) not null,
  region_id          NUMBER not null,
  zone_name          VARCHAR2(150) not null,
  zone_id            NUMBER not null,
  branch_name        VARCHAR2(150),
  branch_id          NUMBER,
  center_series_name VARCHAR2(150) not null,
  center_series_id   NUMBER not null,
  source_code        VARCHAR2(10),
  year               DATE,
  jan_quantity       NUMBER,
  feb_quantity       NUMBER,
  mar_quantity       NUMBER,
  apr_quantity       NUMBER,
  may_quantity       NUMBER,
  jun_quantity       NUMBER,
  jul_quantity       NUMBER,
  aug_quantity       NUMBER,
  sep_quantity       NUMBER,
  oct_quantity       NUMBER,
  nov_quantity       NUMBER,
  dec_quantity       NUMBER,
  row_version_number NUMBER default 1 not null,
  creation_date      DATE default sysdate not null,
  created_by         NUMBER default -1 not null,
  last_updated_by    NUMBER default -1 not null,
  last_update_date   DATE default sysdate not null,
  last_update_login  NUMBER,
  attribute_category VARCHAR2(30),
  attribute1         VARCHAR2(240),
  attribute2         VARCHAR2(240),
  attribute3         VARCHAR2(240),
  attribute4         VARCHAR2(240),
  attribute5         VARCHAR2(240),
  attribute6         VARCHAR2(240),
  attribute7         VARCHAR2(240),
  attribute8         VARCHAR2(240),
  attribute9         VARCHAR2(240),
  attribute10        VARCHAR2(240),
  attribute11        VARCHAR2(240),
  attribute12        VARCHAR2(240),
  attribute13        VARCHAR2(240),
  attribute14        VARCHAR2(240),
  attribute15        VARCHAR2(240)
)
tablespace BI_DW_DATA
  pctfree 10
  initrans 1
  maxtrans 255
  storage
  (
    initial 64K
    next 1M
    minextents 1
    maxextents unlimited
  )

没有登录

alter table DWSTG.BSM_CENTER_BATTLE_BUDGET
  add constraint BSM_CENTER_BATTLE_BUDGET_PK primary key (SALE_BUDGET_ID)
  using index
  tablespace BI_DW_IDX
  pctfree 10
  initrans 2
  maxtrans 255
  storage
  (
    initial 64K
    next 1M
    minextents 1
    maxextents unlimited
  )

没有登录

Creating table BSM_CUSTOMER_MAPPING
===================================


create table DWSTG.BSM_CUSTOMER_MAPPING
(
  customer_mapping_id NUMBER not null,
  primary_customer_id NUMBER not null,
  customer_id         NUMBER not null,
  customer_number     VARCHAR2(30) not null,
  customer_name       VARCHAR2(360) not null,
  row_version_number  NUMBER default 1 not null,
  creation_date       DATE default sysdate not null,
  created_by          NUMBER default -1 not null,
  last_updated_by     NUMBER default -1 not null,
  last_update_date    DATE default sysdate not null,
  last_update_login   NUMBER,
  attribute_category  VARCHAR2(30),
  attribute1          VARCHAR2(240),
  attribute2          VARCHAR2(240),
  attribute3          VARCHAR2(240),
  attribute4          VARCHAR2(240),
  attribute5          VARCHAR2(240),
  attribute6          VARCHAR2(240),
  attribute7          VARCHAR2(240),
  attribute8          VARCHAR2(240),
  attribute9          VARCHAR2(240),
  attribute10         VARCHAR2(240),
  attribute11         VARCHAR2(240),
  attribute12         VARCHAR2(240),
  attribute13         VARCHAR2(240),
  attribute14         VARCHAR2(240),
  attribute15         VARCHAR2(240)
)
tablespace BI_DW_DATA
  pctfree 10
  initrans 1
  maxtrans 255
  storage
  (
    initial 64K
    next 1M
    minextents 1
    maxextents unlimited
  )

没有登录

comment on table DWSTG.BSM_CUSTOMER_MAPPING
  is '一户多名匹配关系'

没有登录

comment on column DWSTG.BSM_CUSTOMER_MAPPING.customer_mapping_id
  is '表ID，主键，供其他表做外键'

没有登录

comment on column DWSTG.BSM_CUSTOMER_MAPPING.primary_customer_id
  is '大客户ID'

没有登录

comment on column DWSTG.BSM_CUSTOMER_MAPPING.customer_id
  is '客户ID'

没有登录

comment on column DWSTG.BSM_CUSTOMER_MAPPING.customer_number
  is '客户编码'

没有登录

comment on column DWSTG.BSM_CUSTOMER_MAPPING.customer_name
  is '客户名称'

没有登录

comment on column DWSTG.BSM_CUSTOMER_MAPPING.row_version_number
  is '行版本号，用来处理锁'

没有登录

alter table DWSTG.BSM_CUSTOMER_MAPPING
  add constraint BSM_CUSTOMER_MAPPING_PK primary key (CUSTOMER_MAPPING_ID)
  using index
  tablespace BI_DW_IDX
  pctfree 10
  initrans 2
  maxtrans 255
  storage
  (
    initial 64K
    next 1M
    minextents 1
    maxextents unlimited
  )

没有登录

Creating table BSM_DISTRIBUTOR_BUDGET
=====================================


create table DWSTG.BSM_DISTRIBUTOR_BUDGET
(
  distributor_budget_id NUMBER not null,
  region_name           VARCHAR2(150) not null,
  region_id             NUMBER not null,
  distributor_name      VARCHAR2(150) not null,
  distributor_id        NUMBER not null,
  center_series_name    VARCHAR2(150) not null,
  center_series_id      NUMBER not null,
  year                  DATE,
  jan_quantity          NUMBER,
  feb_quantity          NUMBER,
  mar_quantity          NUMBER,
  apr_quantity          NUMBER,
  may_quantity          NUMBER,
  jun_quantity          NUMBER,
  jul_quantity          NUMBER,
  aug_quantity          NUMBER,
  sep_quantity          NUMBER,
  oct_quantity          NUMBER,
  nov_quantity          NUMBER,
  dec_quantity          NUMBER,
  row_version_number    NUMBER default 1 not null,
  creation_date         DATE default sysdate not null,
  created_by            NUMBER default -1 not null,
  last_updated_by       NUMBER default -1 not null,
  last_update_date      DATE default sysdate not null,
  last_update_login     NUMBER,
  attribute_category    VARCHAR2(30),
  attribute1            VARCHAR2(240),
  attribute2            VARCHAR2(240),
  attribute3            VARCHAR2(240),
  attribute4            VARCHAR2(240),
  attribute5            VARCHAR2(240),
  attribute6            VARCHAR2(240),
  attribute7            VARCHAR2(240),
  attribute8            VARCHAR2(240),
  attribute9            VARCHAR2(240),
  attribute10           VARCHAR2(240),
  attribute11           VARCHAR2(240),
  attribute12           VARCHAR2(240),
  attribute13           VARCHAR2(240),
  attribute14           VARCHAR2(240),
  attribute15           VARCHAR2(240),
  source_code           VARCHAR2(240)
)
tablespace BI_DW_DATA
  pctfree 10
  initrans 1
  maxtrans 255
  storage
  (
    initial 64K
    next 1M
    minextents 1
    maxextents unlimited
  )

没有登录

comment on table DWSTG.BSM_DISTRIBUTOR_BUDGET
  is '经销商预算'

没有登录

comment on column DWSTG.BSM_DISTRIBUTOR_BUDGET.distributor_budget_id
  is '表ID，主键，供其他表做外键'

没有登录

comment on column DWSTG.BSM_DISTRIBUTOR_BUDGET.region_name
  is '省区'

没有登录

comment on column DWSTG.BSM_DISTRIBUTOR_BUDGET.region_id
  is '省区ID'

没有登录

comment on column DWSTG.BSM_DISTRIBUTOR_BUDGET.distributor_name
  is '经销商名称'

没有登录

comment on column DWSTG.BSM_DISTRIBUTOR_BUDGET.distributor_id
  is '经销商ID'

没有登录

comment on column DWSTG.BSM_DISTRIBUTOR_BUDGET.center_series_name
  is '中心系列'

没有登录

comment on column DWSTG.BSM_DISTRIBUTOR_BUDGET.center_series_id
  is '中心系列ID'

没有登录

comment on column DWSTG.BSM_DISTRIBUTOR_BUDGET.year
  is '年'

没有登录

comment on column DWSTG.BSM_DISTRIBUTOR_BUDGET.jan_quantity
  is '一月预算数量'

没有登录

comment on column DWSTG.BSM_DISTRIBUTOR_BUDGET.feb_quantity
  is '二月预算数量'

没有登录

comment on column DWSTG.BSM_DISTRIBUTOR_BUDGET.mar_quantity
  is '三月预算数量'

没有登录

comment on column DWSTG.BSM_DISTRIBUTOR_BUDGET.apr_quantity
  is '四月预算数量'

没有登录

comment on column DWSTG.BSM_DISTRIBUTOR_BUDGET.may_quantity
  is '五月预算数量'

没有登录

comment on column DWSTG.BSM_DISTRIBUTOR_BUDGET.jun_quantity
  is '六月预算数量'

没有登录

comment on column DWSTG.BSM_DISTRIBUTOR_BUDGET.jul_quantity
  is '七月预算数量'

没有登录

comment on column DWSTG.BSM_DISTRIBUTOR_BUDGET.aug_quantity
  is '八月预算数量'

没有登录

comment on column DWSTG.BSM_DISTRIBUTOR_BUDGET.sep_quantity
  is '九月预算数量'

没有登录

comment on column DWSTG.BSM_DISTRIBUTOR_BUDGET.oct_quantity
  is '十月预算数量'

没有登录

comment on column DWSTG.BSM_DISTRIBUTOR_BUDGET.nov_quantity
  is '十一月预算数量'

没有登录

comment on column DWSTG.BSM_DISTRIBUTOR_BUDGET.dec_quantity
  is '十二月预算数量'

没有登录

comment on column DWSTG.BSM_DISTRIBUTOR_BUDGET.row_version_number
  is '行版本号，用来处理锁'

没有登录

alter table DWSTG.BSM_DISTRIBUTOR_BUDGET
  add constraint BSM_DISTRIBUTOR_BUDGET_PK primary key (DISTRIBUTOR_BUDGET_ID)
  using index
  tablespace BI_DW_IDX
  pctfree 10
  initrans 2
  maxtrans 255
  storage
  (
    initial 64K
    next 1M
    minextents 1
    maxextents unlimited
  )

没有登录

Creating table BSM_HIGH_ADDITIONAL_PRODUCT
==========================================


create table DWSTG.BSM_HIGH_ADDITIONAL_PRODUCT
(
  high_add_prod_id   NUMBER not null,
  inventory_item_id  NUMBER,
  center_series_id   NUMBER,
  type_code          VARCHAR2(10) not null,
  row_version_number NUMBER default 1 not null,
  creation_date      DATE default sysdate not null,
  created_by         NUMBER default -1 not null,
  last_updated_by    NUMBER default -1 not null,
  last_update_date   DATE default sysdate not null,
  last_update_login  NUMBER,
  attribute_category VARCHAR2(30),
  attribute1         VARCHAR2(240),
  attribute2         VARCHAR2(240),
  attribute3         VARCHAR2(240),
  attribute4         VARCHAR2(240),
  attribute5         VARCHAR2(240),
  attribute6         VARCHAR2(240),
  attribute7         VARCHAR2(240),
  attribute8         VARCHAR2(240),
  attribute9         VARCHAR2(240),
  attribute10        VARCHAR2(240),
  attribute11        VARCHAR2(240),
  attribute12        VARCHAR2(240),
  attribute13        VARCHAR2(240),
  attribute14        VARCHAR2(240),
  attribute15        VARCHAR2(240)
)
tablespace BI_DW_DATA
  pctfree 10
  initrans 1
  maxtrans 255
  storage
  (
    initial 64K
    next 1M
    minextents 1
    maxextents unlimited
  )

没有登录

comment on table DWSTG.BSM_HIGH_ADDITIONAL_PRODUCT
  is '高附产品信息维护'

没有登录

comment on column DWSTG.BSM_HIGH_ADDITIONAL_PRODUCT.high_add_prod_id
  is '表ID，主键，供其他表做外键'

没有登录

comment on column DWSTG.BSM_HIGH_ADDITIONAL_PRODUCT.inventory_item_id
  is '物料D'

没有登录

comment on column DWSTG.BSM_HIGH_ADDITIONAL_PRODUCT.center_series_id
  is '中心系列ID'

没有登录

comment on column DWSTG.BSM_HIGH_ADDITIONAL_PRODUCT.type_code
  is '记录高附品信息，是单品还是中心系列'

没有登录

comment on column DWSTG.BSM_HIGH_ADDITIONAL_PRODUCT.row_version_number
  is '行版本号，用来处理锁'

没有登录

create index DWSTG.BSM_HIGH_ADDITIONAL_PRODUCT_N1 on DWSTG.BSM_HIGH_ADDITIONAL_PRODUCT (CENTER_SERIES_ID)
  tablespace BI_DW_IDX
  pctfree 10
  initrans 2
  maxtrans 255
  storage
  (
    initial 64K
    next 1M
    minextents 1
    maxextents unlimited
  )

没有登录

create unique index DWSTG.BSM_HIGH_ADDITIONAL_PRODUCT_U1 on DWSTG.BSM_HIGH_ADDITIONAL_PRODUCT (INVENTORY_ITEM_ID, CENTER_SERIES_ID)
  tablespace BI_DW_IDX
  pctfree 10
  initrans 2
  maxtrans 255
  storage
  (
    initial 64K
    next 1M
    minextents 1
    maxextents unlimited
  )

没有登录

alter table DWSTG.BSM_HIGH_ADDITIONAL_PRODUCT
  add constraint BSM_HIGH_ADDITIONAL_PRODUCT_PK primary key (HIGH_ADD_PROD_ID)
  using index
  tablespace BI_DW_IDX
  pctfree 10
  initrans 2
  maxtrans 255
  storage
  (
    initial 64K
    next 1M
    minextents 1
    maxextents unlimited
  )

没有登录

Creating table BSM_NEW_PRODUCT
==============================


create table DWSTG.BSM_NEW_PRODUCT
(
  new_product_id     NUMBER not null,
  inventory_item_id  NUMBER,
  center_detail_id   NUMBER,
  type_code          VARCHAR2(10) not null,
  row_version_number NUMBER default 1 not null,
  creation_date      DATE default sysdate not null,
  created_by         NUMBER default -1 not null,
  last_updated_by    NUMBER default -1 not null,
  last_update_date   DATE default sysdate not null,
  last_update_login  NUMBER,
  attribute_category VARCHAR2(30),
  attribute1         VARCHAR2(240),
  attribute2         VARCHAR2(240),
  attribute3         VARCHAR2(240),
  attribute4         VARCHAR2(240),
  attribute5         VARCHAR2(240),
  attribute6         VARCHAR2(240),
  attribute7         VARCHAR2(240),
  attribute8         VARCHAR2(240),
  attribute9         VARCHAR2(240),
  attribute10        VARCHAR2(240),
  attribute11        VARCHAR2(240),
  attribute12        VARCHAR2(240),
  attribute13        VARCHAR2(240),
  attribute14        VARCHAR2(240),
  attribute15        VARCHAR2(240)
)
tablespace BI_DW_DATA
  pctfree 10
  initrans 1
  maxtrans 255
  storage
  (
    initial 64K
    next 1M
    minextents 1
    maxextents unlimited
  )

没有登录

comment on table DWSTG.BSM_NEW_PRODUCT
  is '新品信息维护'

没有登录

comment on column DWSTG.BSM_NEW_PRODUCT.new_product_id
  is '表ID，主键，供其他表做外键'

没有登录

comment on column DWSTG.BSM_NEW_PRODUCT.inventory_item_id
  is '物料ID'

没有登录

comment on column DWSTG.BSM_NEW_PRODUCT.center_detail_id
  is '中心明细系列ID'

没有登录

comment on column DWSTG.BSM_NEW_PRODUCT.type_code
  is '记录新品信息，是单品还是中心明细系列'

没有登录

comment on column DWSTG.BSM_NEW_PRODUCT.row_version_number
  is '行版本号，用来处理锁'

没有登录

create index DWSTG.BSM_NEW_PRODUCT_N1 on DWSTG.BSM_NEW_PRODUCT (CENTER_DETAIL_ID)
  tablespace BI_DW_IDX
  pctfree 10
  initrans 2
  maxtrans 255
  storage
  (
    initial 64K
    next 1M
    minextents 1
    maxextents unlimited
  )

没有登录

create unique index DWSTG.BSM_NEW_PRODUCT_U1 on DWSTG.BSM_NEW_PRODUCT (INVENTORY_ITEM_ID, CENTER_DETAIL_ID)
  tablespace BI_DW_IDX
  pctfree 10
  initrans 2
  maxtrans 255
  storage
  (
    initial 64K
    next 1M
    minextents 1
    maxextents unlimited
  )

没有登录

alter table DWSTG.BSM_NEW_PRODUCT
  add constraint BSM_NEW_PRODUCT_PK primary key (NEW_PRODUCT_ID)
  using index
  tablespace BI_DW_DATA
  pctfree 10
  initrans 2
  maxtrans 255
  storage
  (
    initial 64K
    next 1M
    minextents 1
    maxextents unlimited
  )

没有登录

Creating table BSM_NEW_SALE_QUANTITY
====================================


create table DWSTG.BSM_NEW_SALE_QUANTITY
(
  new_sale_qty_id    NUMBER not null,
  sale_date          DATE,
  zone_id            NUMBER,
  zone_name          VARCHAR2(150),
  source_code        VARCHAR2(10),
  detail_series_id   NUMBER,
  detail_series_name VARCHAR2(150),
  sale_quantity      NUMBER,
  creation_date      DATE default SYSDATE not null,
  created_by         NUMBER default -1 not null,
  last_updated_by    NUMBER default -1 not null,
  last_update_date   DATE default SYSDATE not null,
  last_update_login  NUMBER
)
tablespace BI_DW_DATA
  pctfree 10
  initrans 1
  maxtrans 255
  storage
  (
    initial 64K
    next 1M
    minextents 1
    maxextents unlimited
  )

没有登录

comment on table DWSTG.BSM_NEW_SALE_QUANTITY
  is '新品销量信息'

没有登录

comment on column DWSTG.BSM_NEW_SALE_QUANTITY.new_sale_qty_id
  is '表ID，主键，供其他表做外键'

没有登录

comment on column DWSTG.BSM_NEW_SALE_QUANTITY.sale_date
  is '销售日期'

没有登录

comment on column DWSTG.BSM_NEW_SALE_QUANTITY.zone_id
  is '片区ID'

没有登录

comment on column DWSTG.BSM_NEW_SALE_QUANTITY.zone_name
  is '片区名'

没有登录

comment on column DWSTG.BSM_NEW_SALE_QUANTITY.source_code
  is '区域来源'

没有登录

comment on column DWSTG.BSM_NEW_SALE_QUANTITY.detail_series_id
  is '明细系列ID'

没有登录

comment on column DWSTG.BSM_NEW_SALE_QUANTITY.detail_series_name
  is '明细系列名称'

没有登录

comment on column DWSTG.BSM_NEW_SALE_QUANTITY.sale_quantity
  is '销量'

没有登录

alter table DWSTG.BSM_NEW_SALE_QUANTITY
  add constraint BSM_NEW_SALE_QUANTITY_PK primary key (NEW_SALE_QTY_ID)
  using index
  tablespace BI_DW_IDX
  pctfree 10
  initrans 2
  maxtrans 255
  storage
  (
    initial 64K
    next 1M
    minextents 1
    maxextents unlimited
  )

没有登录

Creating table BSM_PROVINCE_BATTLE_BUDGET
=========================================


create table DWSTG.BSM_PROVINCE_BATTLE_BUDGET
(
  sale_budget_id     NUMBER not null,
  region_name        VARCHAR2(150) not null,
  region_id          NUMBER not null,
  zone_name          VARCHAR2(150) not null,
  zone_id            NUMBER not null,
  branch_name        VARCHAR2(150),
  branch_id          NUMBER,
  center_series_name VARCHAR2(150) not null,
  center_series_id   NUMBER not null,
  source_code        VARCHAR2(10),
  year               DATE,
  jan_quantity       NUMBER,
  feb_quantity       NUMBER,
  mar_quantity       NUMBER,
  apr_quantity       NUMBER,
  may_quantity       NUMBER,
  jun_quantity       NUMBER,
  jul_quantity       NUMBER,
  aug_quantity       NUMBER,
  sep_quantity       NUMBER,
  oct_quantity       NUMBER,
  nov_quantity       NUMBER,
  dec_quantity       NUMBER,
  row_version_number NUMBER default 1 not null,
  creation_date      DATE default sysdate not null,
  created_by         NUMBER default -1 not null,
  last_updated_by    NUMBER default -1 not null,
  last_update_date   DATE default sysdate not null,
  last_update_login  NUMBER,
  attribute_category VARCHAR2(30),
  attribute1         VARCHAR2(240),
  attribute2         VARCHAR2(240),
  attribute3         VARCHAR2(240),
  attribute4         VARCHAR2(240),
  attribute5         VARCHAR2(240),
  attribute6         VARCHAR2(240),
  attribute7         VARCHAR2(240),
  attribute8         VARCHAR2(240),
  attribute9         VARCHAR2(240),
  attribute10        VARCHAR2(240),
  attribute11        VARCHAR2(240),
  attribute12        VARCHAR2(240),
  attribute13        VARCHAR2(240),
  attribute14        VARCHAR2(240),
  attribute15        VARCHAR2(240)
)
tablespace BI_DW_DATA
  pctfree 10
  initrans 1
  maxtrans 255
  storage
  (
    initial 64K
    next 1M
    minextents 1
    maxextents unlimited
  )

没有登录

alter table DWSTG.BSM_PROVINCE_BATTLE_BUDGET
  add constraint BSM_PROVINCE_BATTLE_BUDGET_PK primary key (SALE_BUDGET_ID)
  using index
  tablespace BI_DW_IDX
  pctfree 10
  initrans 2
  maxtrans 255
  storage
  (
    initial 64K
    next 1M
    minextents 1
    maxextents unlimited
  )

没有登录

Creating table BSM_SALE_BUDGET
==============================


create table DWSTG.BSM_SALE_BUDGET
(
  sale_budget_id     NUMBER not null,
  region_name        VARCHAR2(150) not null,
  region_id          NUMBER not null,
  zone_name          VARCHAR2(150) not null,
  zone_id            NUMBER not null,
  branch_name        VARCHAR2(150),
  branch_id          NUMBER,
  detail_series_name VARCHAR2(150) not null,
  detail_series_id   NUMBER not null,
  year               DATE,
  jan_quantity       NUMBER,
  feb_quantity       NUMBER,
  mar_quantity       NUMBER,
  apr_quantity       NUMBER,
  may_quantity       NUMBER,
  jun_quantity       NUMBER,
  jul_quantity       NUMBER,
  aug_quantity       NUMBER,
  sep_quantity       NUMBER,
  oct_quantity       NUMBER,
  nov_quantity       NUMBER,
  dec_quantity       NUMBER,
  row_version_number NUMBER default 1 not null,
  creation_date      DATE default sysdate not null,
  created_by         NUMBER default -1 not null,
  last_updated_by    NUMBER default -1 not null,
  last_update_date   DATE default sysdate not null,
  last_update_login  NUMBER,
  attribute_category VARCHAR2(30),
  attribute1         VARCHAR2(240),
  attribute2         VARCHAR2(240),
  attribute3         VARCHAR2(240),
  attribute4         VARCHAR2(240),
  attribute5         VARCHAR2(240),
  attribute6         VARCHAR2(240),
  attribute7         VARCHAR2(240),
  attribute8         VARCHAR2(240),
  attribute9         VARCHAR2(240),
  attribute10        VARCHAR2(240),
  attribute11        VARCHAR2(240),
  attribute12        VARCHAR2(240),
  attribute13        VARCHAR2(240),
  attribute14        VARCHAR2(240),
  attribute15        VARCHAR2(240),
  source_code        VARCHAR2(10)
)
tablespace BI_DW_DATA
  pctfree 10
  initrans 1
  maxtrans 255
  storage
  (
    initial 64K
    next 1M
    minextents 1
    maxextents unlimited
  )

没有登录

alter table DWSTG.BSM_SALE_BUDGET
  add constraint BSM_SALE_BUDGET_PK primary key (SALE_BUDGET_ID)
  using index
  tablespace BI_DW_IDX
  pctfree 10
  initrans 2
  maxtrans 255
  storage
  (
    initial 64K
    next 1M
    minextents 1
    maxextents unlimited
  )

没有登录

Creating table CNL_REGION_SBL_ALL
=================================


create table DWSTG.CNL_REGION_SBL_ALL
(
  region_id         VARCHAR2(30 CHAR),
  region_code       VARCHAR2(50 CHAR),
  region_name       VARCHAR2(100 CHAR) not null,
  region_level_id   NUMBER,
  parent_id         VARCHAR2(30 CHAR),
  status            NUMBER,
  source_code       VARCHAR2(4),
  base_attribute    VARCHAR2(4),
  battle_attribute  VARCHAR2(9),
  factory_attribute VARCHAR2(100 CHAR),
  factory_desc      VARCHAR2(50 CHAR)
)
tablespace BI_DW_DATA
  pctfree 10
  initrans 1
  maxtrans 255

没有登录

Creating table CST_BRAND_D
==========================


create table DWSTG.CST_BRAND_D
(
  brand_l1dim  VARCHAR2(20),
  brand_l1desc VARCHAR2(200),
  brand_l2dim  VARCHAR2(20),
  brand_l2desc VARCHAR2(200),
  brand_l3dim  VARCHAR2(20) not null,
  brand_l3desc VARCHAR2(200),
  attribute1   VARCHAR2(240),
  attribute2   VARCHAR2(240),
  attribute3   VARCHAR2(240),
  attribute4   VARCHAR2(240),
  attribute5   VARCHAR2(240),
  attribute6   VARCHAR2(240),
  attribute7   VARCHAR2(240),
  attribute8   VARCHAR2(240),
  attribute9   VARCHAR2(240),
  attribute10  VARCHAR2(240)
)
tablespace BI_DW_DATA
  pctfree 10
  initrans 1
  maxtrans 255
  storage
  (
    initial 64K
    minextents 1
    maxextents unlimited
  )

没有登录

alter table DWSTG.CST_BRAND_D
  add primary key (BRAND_L3DIM)
  using index
  tablespace BI_DW_IDX
  pctfree 10
  initrans 2
  maxtrans 255
  storage
  (
    initial 64K
    minextents 1
    maxextents unlimited
  )

没有登录

Creating table CST_BUDVER_D
===========================


create table DWSTG.CST_BUDVER_D
(
  budver_l1dim  VARCHAR2(20) not null,
  budver_l1desc VARCHAR2(200),
  attribute1    VARCHAR2(240),
  attribute2    VARCHAR2(240),
  attribute3    VARCHAR2(240),
  attribute4    VARCHAR2(240),
  attribute5    VARCHAR2(240),
  attribute6    VARCHAR2(240),
  attribute7    VARCHAR2(240),
  attribute8    VARCHAR2(240),
  attribute9    VARCHAR2(240),
  attribute10   VARCHAR2(240)
)
tablespace BI_DW_DATA
  pctfree 10
  initrans 1
  maxtrans 255
  storage
  (
    initial 64K
    minextents 1
    maxextents unlimited
  )

没有登录

alter table DWSTG.CST_BUDVER_D
  add primary key (BUDVER_L1DIM)
  using index
  tablespace BI_DW_IDX
  pctfree 10
  initrans 2
  maxtrans 255
  storage
  (
    initial 64K
    minextents 1
    maxextents unlimited
  )

没有登录

Creating table CST_COM_D
========================


create table DWSTG.CST_COM_D
(
  com_l1dim   VARCHAR2(20),
  com_l1desc  VARCHAR2(200),
  com_l2dim   VARCHAR2(20) not null,
  com_l2desc  VARCHAR2(200),
  attribute1  VARCHAR2(240),
  attribute2  VARCHAR2(240),
  attribute3  VARCHAR2(240),
  attribute4  VARCHAR2(240),
  attribute5  VARCHAR2(240),
  attribute6  VARCHAR2(240),
  attribute7  VARCHAR2(240),
  attribute8  VARCHAR2(240),
  attribute9  VARCHAR2(240),
  attribute10 VARCHAR2(240)
)
tablespace BI_DW_DATA
  pctfree 10
  initrans 1
  maxtrans 255
  storage
  (
    initial 64K
    minextents 1
    maxextents unlimited
  )

没有登录

alter table DWSTG.CST_COM_D
  add primary key (COM_L2DIM)
  using index
  tablespace BI_DW_IDX
  pctfree 10
  initrans 2
  maxtrans 255
  storage
  (
    initial 64K
    minextents 1
    maxextents unlimited
  )

没有登录

Creating table CST_CONTAINER_D
==============================


create table DWSTG.CST_CONTAINER_D
(
  container_l1dim  VARCHAR2(20),
  container_l1desc VARCHAR2(200),
  container_l2dim  VARCHAR2(20),
  container_l2desc VARCHAR2(200),
  container_l3dim  VARCHAR2(20),
  container_l3desc VARCHAR2(200),
  container_l4dim  VARCHAR2(20) not null,
  container_l4desc VARCHAR2(200),
  attribute1       VARCHAR2(240),
  attribute2       VARCHAR2(240),
  attribute3       VARCHAR2(240),
  attribute4       VARCHAR2(240),
  attribute5       VARCHAR2(240),
  attribute6       VARCHAR2(240),
  attribute7       VARCHAR2(240),
  attribute8       VARCHAR2(240),
  attribute9       VARCHAR2(240),
  attribute10      VARCHAR2(240)
)
tablespace BI_DW_DATA
  pctfree 10
  initrans 1
  maxtrans 255
  storage
  (
    initial 64K
    minextents 1
    maxextents unlimited
  )

没有登录

alter table DWSTG.CST_CONTAINER_D
  add primary key (CONTAINER_L4DIM)
  using index
  tablespace BI_DW_IDX
  pctfree 10
  initrans 2
  maxtrans 255
  storage
  (
    initial 64K
    minextents 1
    maxextents unlimited
  )

没有登录

Creating table CST_DENSITY_D
============================


create table DWSTG.CST_DENSITY_D
(
  density_l1dim  VARCHAR2(20),
  density_l1desc VARCHAR2(200),
  density_l2dim  VARCHAR2(20) not null,
  density_l2desc VARCHAR2(200),
  attribute1     VARCHAR2(240),
  attribute2     VARCHAR2(240),
  attribute3     VARCHAR2(240),
  attribute4     VARCHAR2(240),
  attribute5     VARCHAR2(240),
  attribute6     VARCHAR2(240),
  attribute7     VARCHAR2(240),
  attribute8     VARCHAR2(240),
  attribute9     VARCHAR2(240),
  attribute10    VARCHAR2(240)
)
tablespace BI_DW_DATA
  pctfree 10
  initrans 1
  maxtrans 255
  storage
  (
    initial 64K
    minextents 1
    maxextents unlimited
  )

没有登录

alter table DWSTG.CST_DENSITY_D
  add primary key (DENSITY_L2DIM)
  using index
  tablespace BI_DW_IDX
  pctfree 10
  initrans 2
  maxtrans 255
  storage
  (
    initial 64K
    minextents 1
    maxextents unlimited
  )

没有登录

Creating table CST_ELEMENT_D
============================


create table DWSTG.CST_ELEMENT_D
(
  element_l1dim      VARCHAR2(20),
  element_l1desc     VARCHAR2(200),
  element_l1fulldesc VARCHAR2(200),
  element_l2dim      VARCHAR2(20),
  element_l2desc     VARCHAR2(200),
  element_l2fulldesc VARCHAR2(200),
  element_l3dim      VARCHAR2(20),
  element_l3desc     VARCHAR2(200),
  element_l3fulldesc VARCHAR2(200),
  element_l4dim      VARCHAR2(20),
  element_l4desc     VARCHAR2(200),
  element_l4fulldesc VARCHAR2(200),
  element_l5dim      VARCHAR2(20),
  element_l5desc     VARCHAR2(200),
  element_l5fulldesc VARCHAR2(200),
  element_l6dim      VARCHAR2(20) not null,
  element_l6desc     VARCHAR2(200),
  element_l6fulldesc VARCHAR2(200),
  attribute1         VARCHAR2(240),
  attribute2         VARCHAR2(240),
  attribute3         VARCHAR2(240),
  attribute4         VARCHAR2(240),
  attribute5         VARCHAR2(240),
  attribute6         VARCHAR2(240),
  attribute7         VARCHAR2(240),
  attribute8         VARCHAR2(240),
  attribute9         VARCHAR2(240),
  attribute10        VARCHAR2(240)
)
tablespace BI_DW_DATA
  pctfree 10
  initrans 1
  maxtrans 255
  storage
  (
    initial 64K
    minextents 1
    maxextents unlimited
  )

没有登录

alter table DWSTG.CST_ELEMENT_D
  add primary key (ELEMENT_L6DIM)
  using index
  tablespace BI_DW_IDX
  pctfree 10
  initrans 2
  maxtrans 255
  storage
  (
    initial 64K
    minextents 1
    maxextents unlimited
  )

没有登录

Creating table CST_PACKAGE_D
============================


create table DWSTG.CST_PACKAGE_D
(
  package_l1dim  VARCHAR2(20),
  package_l1desc VARCHAR2(200),
  package_l2dim  VARCHAR2(20),
  package_l2desc VARCHAR2(200),
  package_l3dim  VARCHAR2(20) not null,
  package_l3desc VARCHAR2(200),
  attribute1     VARCHAR2(240),
  attribute2     VARCHAR2(240),
  attribute3     VARCHAR2(240),
  attribute4     VARCHAR2(240),
  attribute5     VARCHAR2(240),
  attribute6     VARCHAR2(240),
  attribute7     VARCHAR2(240),
  attribute8     VARCHAR2(240),
  attribute9     VARCHAR2(240),
  attribute10    VARCHAR2(240)
)
tablespace BI_DW_DATA
  pctfree 10
  initrans 1
  maxtrans 255
  storage
  (
    initial 64K
    minextents 1
    maxextents unlimited
  )

没有登录

alter table DWSTG.CST_PACKAGE_D
  add primary key (PACKAGE_L3DIM)
  using index
  tablespace BI_DW_IDX
  pctfree 10
  initrans 2
  maxtrans 255
  storage
  (
    initial 64K
    minextents 1
    maxextents unlimited
  )

没有登录

Creating table CST_PERIOD_D
===========================


create table DWSTG.CST_PERIOD_D
(
  year_dim        VARCHAR2(20) not null,
  year_desc       VARCHAR2(240) not null,
  year_id         NUMBER,
  momth_dim       VARCHAR2(20) not null,
  month_desc      VARCHAR2(240) not null,
  month_desc1     VARCHAR2(240) not null,
  month_name      VARCHAR2(240),
  sequence_number NUMBER,
  attribute1      VARCHAR2(240) not null,
  attribute2      VARCHAR2(240),
  attribute3      VARCHAR2(240),
  attribute4      VARCHAR2(240),
  attribute5      VARCHAR2(240),
  attribute6      VARCHAR2(240),
  attribute7      VARCHAR2(240),
  attribute8      VARCHAR2(240),
  attribute9      VARCHAR2(240),
  attribute10     VARCHAR2(240)
)
tablespace BI_DW_DATA
  pctfree 10
  initrans 1
  maxtrans 255
  storage
  (
    initial 64K
    minextents 1
    maxextents unlimited
  )

没有登录

alter table DWSTG.CST_PERIOD_D
  add primary key (ATTRIBUTE1)
  using index
  tablespace BI_DW_IDX
  pctfree 10
  initrans 2
  maxtrans 255
  storage
  (
    initial 64K
    minextents 1
    maxextents unlimited
  )

没有登录

Creating table CST_SIZE_D
=========================


create table DWSTG.CST_SIZE_D
(
  size_l1dim    VARCHAR2(20),
  size_l1desc   VARCHAR2(200),
  size_l2dim    VARCHAR2(20),
  size_l2desc   VARCHAR2(200),
  size_l2qtypkl NUMBER,
  size_l3dim    VARCHAR2(20) not null,
  size_l3desc   VARCHAR2(200),
  size_l3qtypkl NUMBER,
  attribute1    VARCHAR2(240),
  attribute2    VARCHAR2(240),
  attribute3    VARCHAR2(240),
  attribute4    VARCHAR2(240),
  attribute5    VARCHAR2(240),
  attribute6    VARCHAR2(240),
  attribute7    VARCHAR2(240),
  attribute8    VARCHAR2(240),
  attribute9    VARCHAR2(240),
  attribute10   VARCHAR2(240)
)
tablespace BI_DW_DATA
  pctfree 10
  initrans 1
  maxtrans 255
  storage
  (
    initial 64K
    minextents 1
    maxextents unlimited
  )

没有登录

alter table DWSTG.CST_SIZE_D
  add primary key (SIZE_L3DIM)
  using index
  tablespace BI_DW_IDX
  pctfree 10
  initrans 2
  maxtrans 255
  storage
  (
    initial 64K
    minextents 1
    maxextents unlimited
  )

没有登录

Creating table CUS_PROD_CUSTOM_SERIES
=====================================


create table DWSTG.CUS_PROD_CUSTOM_SERIES
(
  custom_series_id   NUMBER not null,
  custom_series_name VARCHAR2(100) not null,
  custom_series_desc VARCHAR2(100) not null,
  status             NUMBER not null,
  creation_date      DATE,
  last_update_date   DATE
)
tablespace BI_DW_DATA
  pctfree 10
  initrans 1
  maxtrans 255
  storage
  (
    initial 64K
    next 1M
    minextents 1
    maxextents unlimited
  )

没有登录

create unique index DWSTG.CUS_PROD_CUSTOM_SERIES_U1 on DWSTG.CUS_PROD_CUSTOM_SERIES (CUSTOM_SERIES_NAME)
  tablespace BI_DW_IDX
  pctfree 10
  initrans 2
  maxtrans 255
  storage
  (
    initial 64K
    next 1M
    minextents 1
    maxextents unlimited
  )

没有登录

alter table DWSTG.CUS_PROD_CUSTOM_SERIES
  add constraint CUS_PROD_CUSTOM_SERIES_PK unique (CUSTOM_SERIES_ID)
  using index
  tablespace BI_DW_IDX
  pctfree 10
  initrans 2
  maxtrans 255
  storage
  (
    initial 64K
    next 1M
    minextents 1
    maxextents unlimited
  )

没有登录

Creating table CUS_PROD_CUSTOM_VALUE
====================================


create table DWSTG.CUS_PROD_CUSTOM_VALUE
(
  custom_value_id   NUMBER not null,
  custom_value_name VARCHAR2(100) not null,
  custom_value_desc VARCHAR2(100) not null,
  custom_series_id  NUMBER not null,
  status            NUMBER not null,
  order_num         NUMBER not null,
  creation_date     DATE,
  last_update_date  DATE
)
tablespace BI_DW_DATA
  pctfree 10
  initrans 1
  maxtrans 255
  storage
  (
    initial 64K
    next 1M
    minextents 1
    maxextents unlimited
  )

没有登录

create index DWSTG.CUS_PROD_CUSTOM_VALUE_N1 on DWSTG.CUS_PROD_CUSTOM_VALUE (CUSTOM_SERIES_ID)
  tablespace BI_DW_IDX
  pctfree 10
  initrans 2
  maxtrans 255
  storage
  (
    initial 64K
    next 1M
    minextents 1
    maxextents unlimited
  )

没有登录

create unique index DWSTG.CUS_PROD_CUSTOM_VALUE_U1 on DWSTG.CUS_PROD_CUSTOM_VALUE (CUSTOM_VALUE_NAME)
  tablespace BI_DW_IDX
  pctfree 10
  initrans 2
  maxtrans 255
  storage
  (
    initial 64K
    next 1M
    minextents 1
    maxextents unlimited
  )

没有登录

alter table DWSTG.CUS_PROD_CUSTOM_VALUE
  add constraint CUS_PROD_CUSTOM_VALUE_PK unique (CUSTOM_VALUE_ID)
  using index
  tablespace SOAU_IDX
  pctfree 10
  initrans 2
  maxtrans 255
  storage
  (
    initial 64K
    next 1M
    minextents 1
    maxextents unlimited
  )

没有登录

Creating table CUS_PROD_SERIES_MAPPING
======================================


create table DWSTG.CUS_PROD_SERIES_MAPPING
(
  series_mapping_id NUMBER not null,
  custom_value_id   NUMBER not null,
  detail_series_id  NUMBER not null,
  custom_series_id  NUMBER not null,
  status            NUMBER not null,
  creation_date     DATE,
  last_update_date  DATE
)
tablespace BI_DW_DATA
  pctfree 10
  initrans 1
  maxtrans 255
  storage
  (
    initial 64K
    next 1M
    minextents 1
    maxextents unlimited
  )

没有登录

create unique index DWSTG.CUS_PROD_SERIES_MAPPING_U1 on DWSTG.CUS_PROD_SERIES_MAPPING (CUSTOM_VALUE_ID, DETAIL_SERIES_ID)
  tablespace BI_DW_IDX
  pctfree 10
  initrans 2
  maxtrans 255
  storage
  (
    initial 64K
    next 1M
    minextents 1
    maxextents unlimited
  )

没有登录

create unique index DWSTG.CUS_PROD_SERIES_MAPPING_U2 on DWSTG.CUS_PROD_SERIES_MAPPING (CUSTOM_SERIES_ID, DETAIL_SERIES_ID)
  tablespace BI_DW_IDX
  pctfree 10
  initrans 2
  maxtrans 255
  storage
  (
    initial 64K
    next 1M
    minextents 1
    maxextents unlimited
  )

没有登录

alter table DWSTG.CUS_PROD_SERIES_MAPPING
  add constraint CUS_PROD_SERIES_MAPPING_PK unique (SERIES_MAPPING_ID)
  using index
  tablespace BI_DW_IDX
  pctfree 10
  initrans 2
  maxtrans 255
  storage
  (
    initial 64K
    next 1M
    minextents 1
    maxextents unlimited
  )

没有登录

Creating table DL_ENTITIES
==========================


create table DWSTG.DL_ENTITIES
(
  entity_id          NUMBER not null,
  entity_code        VARCHAR2(80) not null,
  entity_name        VARCHAR2(80) not null,
  entity_type        VARCHAR2(80),
  hfm_flag           VARCHAR2(10),
  data_flag          VARCHAR2(10),
  import_flag        VARCHAR2(1),
  parent_entity_code VARCHAR2(80),
  parent_entity_name VARCHAR2(80),
  cost_parent_code   VARCHAR2(80),
  cost_parent_name   VARCHAR2(80),
  is_mark            VARCHAR2(1),
  org_id             NUMBER,
  attribute1         VARCHAR2(240),
  attribute2         VARCHAR2(240),
  attribute3         VARCHAR2(240),
  attribute4         VARCHAR2(240),
  attribute5         VARCHAR2(240),
  attribute6         VARCHAR2(240),
  attribute7         VARCHAR2(240),
  attribute8         VARCHAR2(240),
  attribute9         VARCHAR2(240),
  attribute10        VARCHAR2(240),
  created_by         NUMBER not null,
  creation_date      DATE not null,
  last_updated_by    NUMBER not null,
  last_update_date   DATE not null,
  last_update_login  NUMBER
)
tablespace BI_DW_DATA
  pctfree 10
  initrans 1
  maxtrans 255
  storage
  (
    initial 64K
    next 1M
    minextents 1
    maxextents unlimited
  )

没有登录

create unique index DWSTG.DL_ENTITIES_U1 on DWSTG.DL_ENTITIES (ENTITY_CODE)
  tablespace BI_DW_IDX
  pctfree 10
  initrans 2
  maxtrans 255
  storage
  (
    initial 64K
    next 1M
    minextents 1
    maxextents unlimited
  )

没有登录

create unique index DWSTG.DL_ENTITIES_U2 on DWSTG.DL_ENTITIES (ENTITY_NAME)
  tablespace BI_DW_IDX
  pctfree 10
  initrans 2
  maxtrans 255
  storage
  (
    initial 64K
    next 1M
    minextents 1
    maxextents unlimited
  )

没有登录

alter table DWSTG.DL_ENTITIES
  add constraint DL_ENTITIES_PK primary key (ENTITY_ID)
  using index
  tablespace BI_DW_DATA
  pctfree 10
  initrans 2
  maxtrans 255
  storage
  (
    initial 64K
    next 1M
    minextents 1
    maxextents unlimited
  )

没有登录

Creating table DL_PRODUCTS
==========================


create table DWSTG.DL_PRODUCTS
(
  product_id                 NUMBER not null,
  product_code               VARCHAR2(240) not null,
  product_name               VARCHAR2(240) not null,
  inventory_item_status_code VARCHAR2(30),
  brand_type                 VARCHAR2(240),
  brand_serial               VARCHAR2(240),
  center_serial              VARCHAR2(240),
  center_serial_detail       VARCHAR2(240),
  cost_brand                 VARCHAR2(240),
  container                  VARCHAR2(240),
  cost_container             VARCHAR2(240),
  pack                       VARCHAR2(240),
  cost_pack                  VARCHAR2(240),
  volume                     VARCHAR2(240),
  cost_volume                VARCHAR2(240),
  specifications             VARCHAR2(240),
  cost_specifications        VARCHAR2(240),
  concentraiton              VARCHAR2(240),
  cost_concentraiton         VARCHAR2(240),
  operation                  VARCHAR2(240),
  cost_operation             VARCHAR2(240),
  price_refer                VARCHAR2(240),
  created_by                 NUMBER not null,
  creation_date              DATE not null,
  last_updated_by            NUMBER not null,
  last_update_date           DATE not null,
  last_update_login          NUMBER
)
tablespace BI_DW_DATA
  pctfree 10
  initrans 1
  maxtrans 255
  storage
  (
    initial 64K
    next 1M
    minextents 1
    maxextents unlimited
  )

没有登录

create unique index DWSTG.DL_PRODUCTS_U1 on DWSTG.DL_PRODUCTS (PRODUCT_CODE)
  tablespace BI_DW_IDX
  pctfree 10
  initrans 2
  maxtrans 255
  storage
  (
    initial 64K
    next 1M
    minextents 1
    maxextents unlimited
  )

没有登录

alter table DWSTG.DL_PRODUCTS
  add constraint DL_PRODUCTS_PK primary key (PRODUCT_ID)
  using index
  tablespace BI_DW_IDX
  pctfree 10
  initrans 2
  maxtrans 255
  storage
  (
    initial 64K
    next 1M
    minextents 1
    maxextents unlimited
  )

没有登录

Creating table DL_SALE_COST_ALL
===============================


create table DWSTG.DL_SALE_COST_ALL
(
  header_id         NUMBER not null,
  line_id           NUMBER not null,
  period_name       VARCHAR2(15) not null,
  entity_id         NUMBER not null,
  data_type         VARCHAR2(240) not null,
  product_id        NUMBER not null,
  pack_type         VARCHAR2(240) not null,
  cost_type         VARCHAR2(240) not null,
  quantity          NUMBER,
  amount            NUMBER not null,
  source_type       VARCHAR2(30) not null,
  created_by        NUMBER not null,
  creation_date     DATE not null,
  last_updated_by   NUMBER not null,
  last_update_date  DATE not null,
  last_update_login NUMBER
)
tablespace BI_DW_DATA
  pctfree 10
  initrans 1
  maxtrans 255
  storage
  (
    initial 64K
    next 1M
    minextents 1
    maxextents unlimited
  )

没有登录

create index DWSTG.DL_SALE_COST_ALL_N1 on DWSTG.DL_SALE_COST_ALL (PERIOD_NAME, PRODUCT_ID, PACK_TYPE, COST_TYPE, ENTITY_ID)
  tablespace BI_DW_IDX
  pctfree 10
  initrans 2
  maxtrans 255
  storage
  (
    initial 64K
    next 1M
    minextents 1
    maxextents unlimited
  )

没有登录

create index DWSTG.DL_SALE_COST_ALL_N2 on DWSTG.DL_SALE_COST_ALL (PERIOD_NAME, ENTITY_ID, DATA_TYPE, PRODUCT_ID, PACK_TYPE, COST_TYPE)
  tablespace BI_DW_IDX
  pctfree 10
  initrans 2
  maxtrans 255
  storage
  (
    initial 64K
    next 1M
    minextents 1
    maxextents unlimited
  )

没有登录

create index DWSTG.DL_SALE_COST_ALL_N3 on DWSTG.DL_SALE_COST_ALL (ENTITY_ID, DATA_TYPE, PRODUCT_ID, PACK_TYPE, COST_TYPE)
  tablespace BI_DW_IDX
  pctfree 10
  initrans 2
  maxtrans 255
  storage
  (
    initial 64K
    next 1M
    minextents 1
    maxextents unlimited
  )

没有登录

create index DWSTG.DL_SALE_COST_ALL_N4 on DWSTG.DL_SALE_COST_ALL (PERIOD_NAME)
  tablespace BI_DW_IDX
  pctfree 10
  initrans 2
  maxtrans 255
  storage
  (
    initial 64K
    next 1M
    minextents 1
    maxextents unlimited
  )

没有登录

alter table DWSTG.DL_SALE_COST_ALL
  add constraint DL_SALE_COST_ALL_PK primary key (LINE_ID)
  using index
  tablespace BI_DW_IDX
  pctfree 10
  initrans 2
  maxtrans 255
  storage
  (
    initial 64K
    next 1M
    minextents 1
    maxextents unlimited
  )

没有登录

alter table DWSTG.DL_SALE_COST_ALL
  add constraint DL_SALE_COST_ALL_UK1 unique (HEADER_ID, DATA_TYPE, PRODUCT_ID, PACK_TYPE, COST_TYPE)
  using index
  tablespace BI_DW_IDX
  pctfree 10
  initrans 2
  maxtrans 255
  storage
  (
    initial 64K
    next 1M
    minextents 1
    maxextents unlimited
  )

没有登录

Creating table DL_TARGET_SETS
=============================


create table DWSTG.DL_TARGET_SETS
(
  line_id           NUMBER(15) not null,
  target_code       VARCHAR2(150) not null,
  entity_type       VARCHAR2(240) not null,
  target_weight     NUMBER not null,
  point1            NUMBER not null,
  point2            NUMBER not null,
  point3            NUMBER not null,
  point4            NUMBER not null,
  point5            NUMBER not null,
  point_type        VARCHAR2(240) not null,
  start_date        DATE not null,
  end_date          DATE not null,
  descriptions      VARCHAR2(240),
  attribute1        VARCHAR2(240),
  attribute2        VARCHAR2(240),
  attribute3        VARCHAR2(240),
  attribute4        VARCHAR2(240),
  attribute5        VARCHAR2(240),
  attribute6        VARCHAR2(240),
  attribute7        VARCHAR2(240),
  attribute8        VARCHAR2(240),
  attribute9        VARCHAR2(240),
  attribute10       VARCHAR2(240),
  created_by        NUMBER,
  creation_date     DATE,
  last_updated_by   NUMBER,
  last_update_date  DATE,
  last_update_login NUMBER
)
tablespace BI_DW_DATA
  pctfree 10
  initrans 1
  maxtrans 255
  storage
  (
    initial 64K
    next 1M
    minextents 1
    maxextents unlimited
  )

没有登录

alter table DWSTG.DL_TARGET_SETS
  add constraint DL_TARGET_SETS_PK primary key (LINE_ID)
  using index
  tablespace BI_DW_IDX
  pctfree 10
  initrans 2
  maxtrans 255
  storage
  (
    initial 64K
    next 1M
    minextents 1
    maxextents unlimited
  )

没有登录

Creating table FND_FLEX_VALUES
==============================


create table DWSTG.FND_FLEX_VALUES
(
  flex_value_set_id          NUMBER(10),
  flex_value_id              NUMBER(15) not null,
  flex_value                 VARCHAR2(150),
  last_update_date           DATE,
  last_updated_by            NUMBER(15),
  creation_date              DATE,
  created_by                 NUMBER(15),
  last_update_login          NUMBER(15),
  enabled_flag               VARCHAR2(1),
  summary_flag               VARCHAR2(1),
  start_date_active          DATE,
  end_date_active            DATE,
  parent_flex_value_low      VARCHAR2(60),
  parent_flex_value_high     VARCHAR2(60),
  structured_hierarchy_level NUMBER(15),
  hierarchy_level            VARCHAR2(30),
  compiled_value_attributes  VARCHAR2(2000),
  value_category             VARCHAR2(30),
  attribute1                 VARCHAR2(240),
  attribute2                 VARCHAR2(240),
  attribute3                 VARCHAR2(240),
  attribute4                 VARCHAR2(240),
  attribute5                 VARCHAR2(240),
  attribute6                 VARCHAR2(240),
  attribute7                 VARCHAR2(240),
  attribute8                 VARCHAR2(240),
  attribute9                 VARCHAR2(240),
  attribute10                VARCHAR2(240),
  attribute11                VARCHAR2(240),
  attribute12                VARCHAR2(240),
  attribute13                VARCHAR2(240),
  attribute14                VARCHAR2(240),
  attribute15                VARCHAR2(240),
  attribute16                VARCHAR2(240),
  attribute17                VARCHAR2(240),
  attribute18                VARCHAR2(240),
  attribute19                VARCHAR2(240),
  attribute20                VARCHAR2(240),
  attribute21                VARCHAR2(240),
  attribute22                VARCHAR2(240),
  attribute23                VARCHAR2(240),
  attribute24                VARCHAR2(240),
  attribute25                VARCHAR2(240),
  attribute26                VARCHAR2(240),
  attribute27                VARCHAR2(240),
  attribute28                VARCHAR2(240),
  attribute29                VARCHAR2(240),
  attribute30                VARCHAR2(240),
  attribute31                VARCHAR2(240),
  attribute32                VARCHAR2(240),
  attribute33                VARCHAR2(240),
  attribute34                VARCHAR2(240),
  attribute35                VARCHAR2(240),
  attribute36                VARCHAR2(240),
  attribute37                VARCHAR2(240),
  attribute38                VARCHAR2(240),
  attribute39                VARCHAR2(240),
  attribute40                VARCHAR2(240),
  attribute41                VARCHAR2(240),
  attribute42                VARCHAR2(240),
  attribute43                VARCHAR2(240),
  attribute44                VARCHAR2(240),
  attribute45                VARCHAR2(240),
  attribute46                VARCHAR2(240),
  attribute47                VARCHAR2(240),
  attribute48                VARCHAR2(240),
  attribute49                VARCHAR2(240),
  attribute50                VARCHAR2(240),
  attribute_sort_order       NUMBER(15)
)
tablespace BI_DW_DATA
  pctfree 10
  initrans 1
  maxtrans 255
  storage
  (
    initial 64K
    next 1M
    minextents 1
    maxextents unlimited
  )

没有登录

create index DWSTG.FND_FLEX_VALUES_N1 on DWSTG.FND_FLEX_VALUES (FLEX_VALUE_SET_ID)
  tablespace BI_DW_IDX
  pctfree 10
  initrans 2
  maxtrans 255
  storage
  (
    initial 64K
    next 1M
    minextents 1
    maxextents unlimited
  )

没有登录

alter table DWSTG.FND_FLEX_VALUES
  add constraint FND_FLEX_VALUES_PK primary key (FLEX_VALUE_ID)
  using index
  tablespace BI_DW_IDX
  pctfree 10
  initrans 2
  maxtrans 255
  storage
  (
    initial 64K
    next 1M
    minextents 1
    maxextents unlimited
  )

没有登录

Creating table FND_FLEX_VALUES_TL
=================================


create table DWSTG.FND_FLEX_VALUES_TL
(
  flex_value_id      NUMBER(15) not null,
  language           VARCHAR2(4) not null,
  last_update_date   DATE,
  last_updated_by    NUMBER(15),
  creation_date      DATE,
  created_by         NUMBER(15),
  last_update_login  NUMBER(10),
  description        VARCHAR2(240),
  source_lang        VARCHAR2(4),
  flex_value_meaning VARCHAR2(150)
)
tablespace BI_DW_DATA
  pctfree 10
  initrans 1
  maxtrans 255
  storage
  (
    initial 64K
    next 1M
    minextents 1
    maxextents unlimited
  )

没有登录

alter table DWSTG.FND_FLEX_VALUES_TL
  add constraint FND_FLEX_VALUES_TL_PK primary key (LANGUAGE, FLEX_VALUE_ID)
  using index
  tablespace BI_DW_IDX
  pctfree 10
  initrans 2
  maxtrans 255
  storage
  (
    initial 64K
    next 1M
    minextents 1
    maxextents unlimited
  )

没有登录

Creating table FND_FLEX_VALUE_SETS
==================================


create table DWSTG.FND_FLEX_VALUE_SETS
(
  flex_value_set_id         NUMBER(10) not null,
  flex_value_set_name       VARCHAR2(60),
  last_update_date          DATE,
  last_updated_by           NUMBER(15),
  creation_date             DATE,
  created_by                NUMBER(15),
  last_update_login         NUMBER(15),
  validation_type           VARCHAR2(1),
  protected_flag            VARCHAR2(1),
  security_enabled_flag     VARCHAR2(1),
  longlist_flag             VARCHAR2(1),
  format_type               VARCHAR2(1),
  maximum_size              NUMBER(3),
  alphanumeric_allowed_flag VARCHAR2(1),
  uppercase_only_flag       VARCHAR2(1),
  numeric_mode_enabled_flag VARCHAR2(1),
  description               VARCHAR2(240),
  dependant_default_value   VARCHAR2(60),
  dependant_default_meaning VARCHAR2(240),
  parent_flex_value_set_id  NUMBER(10),
  minimum_value             VARCHAR2(150),
  maximum_value             VARCHAR2(150),
  number_precision          NUMBER(2)
)
tablespace BI_DW_DATA
  pctfree 10
  initrans 1
  maxtrans 255
  storage
  (
    initial 64K
    next 1M
    minextents 1
    maxextents unlimited
  )

没有登录

create index DWSTG.FND_FLEX_VALUE_SETS_N1 on DWSTG.FND_FLEX_VALUE_SETS (FLEX_VALUE_SET_NAME)
  tablespace BI_DW_IDX
  pctfree 10
  initrans 2
  maxtrans 255
  storage
  (
    initial 64K
    next 1M
    minextents 1
    maxextents unlimited
  )

没有登录

alter table DWSTG.FND_FLEX_VALUE_SETS
  add constraint FND_FLEX_VALUE_SETS_PK primary key (FLEX_VALUE_SET_ID)
  using index
  tablespace BI_DW_IDX
  pctfree 10
  initrans 2
  maxtrans 255
  storage
  (
    initial 64K
    next 1M
    minextents 1
    maxextents unlimited
  )

没有登录

Creating table FND_ITEM
=======================


create table DWSTG.FND_ITEM
(
  item_id          NUMBER not null,
  item_code        VARCHAR2(500) not null,
  item_name        VARCHAR2(500) not null,
  status           NUMBER(1) default 0 not null,
  is_standard      NUMBER(1) default 0 not null,
  item_desc        VARCHAR2(1000),
  type_id          NUMBER default 9 not null,
  uom              VARCHAR2(200),
  region_id        NUMBER,
  product_level_id NUMBER,
  product_category NUMBER,
  largess_type_id  NUMBER,
  purchase_place   VARCHAR2(200),
  unit_volume      NUMBER,
  standard         VARCHAR2(200),
  trademark_id     NUMBER,
  brand_id         NUMBER,
  category_id      NUMBER,
  package_id       NUMBER,
  series_id        NUMBER,
  creation_date    DATE not null,
  created_by       NUMBER not null,
  last_update_date DATE not null,
  last_updated_by  NUMBER not null
)
tablespace BI_DW_DATA
  pctfree 10
  initrans 1
  maxtrans 255
  storage
  (
    initial 64K
    next 1M
    minextents 1
    maxextents unlimited
  )

没有登录

alter table DWSTG.FND_ITEM
  add constraint FND_ITEM_PK primary key (ITEM_ID)
  using index
  tablespace BI_DW_IDX
  pctfree 10
  initrans 2
  maxtrans 255
  storage
  (
    initial 64K
    next 1M
    minextents 1
    maxextents unlimited
  )

没有登录

Creating table FND_LOOKUP_VALUES
================================


create table DWSTG.FND_LOOKUP_VALUES
(
  lookup_type         VARCHAR2(30) not null,
  language            VARCHAR2(30) not null,
  lookup_code         VARCHAR2(30) not null,
  meaning             VARCHAR2(80),
  description         VARCHAR2(240),
  enabled_flag        VARCHAR2(1),
  start_date_active   DATE,
  end_date_active     DATE,
  created_by          NUMBER(15),
  creation_date       DATE,
  last_updated_by     NUMBER(15),
  last_update_login   NUMBER(15),
  last_update_date    DATE,
  source_lang         VARCHAR2(4),
  security_group_id   NUMBER(15) not null,
  view_application_id NUMBER(15) not null,
  territory_code      VARCHAR2(2),
  attribute_category  VARCHAR2(30),
  attribute1          VARCHAR2(150),
  attribute2          VARCHAR2(150),
  attribute3          VARCHAR2(150),
  attribute4          VARCHAR2(150),
  attribute5          VARCHAR2(150),
  attribute6          VARCHAR2(150),
  attribute7          VARCHAR2(150),
  attribute8          VARCHAR2(150),
  attribute9          VARCHAR2(150),
  attribute10         VARCHAR2(150),
  attribute11         VARCHAR2(150),
  attribute12         VARCHAR2(150),
  attribute13         VARCHAR2(150),
  attribute14         VARCHAR2(150),
  attribute15         VARCHAR2(150),
  tag                 VARCHAR2(150),
  leaf_node           VARCHAR2(1)
)
tablespace BI_DW_DATA
  pctfree 10
  initrans 1
  maxtrans 255
  storage
  (
    initial 64K
    next 1M
    minextents 1
    maxextents unlimited
  )

没有登录

create index DWSTG.FND_LOOPUP_VALUES_N1 on DWSTG.FND_LOOKUP_VALUES (LAST_UPDATE_DATE)
  tablespace BI_DW_IDX
  pctfree 10
  initrans 2
  maxtrans 255
  storage
  (
    initial 64K
    next 1M
    minextents 1
    maxextents unlimited
  )

没有登录

alter table DWSTG.FND_LOOKUP_VALUES
  add constraint FND_LOOKUP_VALUES_PK primary key (LOOKUP_TYPE, LANGUAGE, LOOKUP_CODE, SECURITY_GROUP_ID, VIEW_APPLICATION_ID)
  using index
  tablespace BI_DW_IDX
  pctfree 10
  initrans 2
  maxtrans 255
  storage
  (
    initial 64K
    next 1M
    minextents 1
    maxextents unlimited
  )

没有登录

Creating table FND_USER
=======================


create table DWSTG.FND_USER
(
  user_id                 NUMBER(15) not null,
  user_name               VARCHAR2(100),
  last_update_date        DATE,
  last_updated_by         NUMBER(15),
  creation_date           DATE,
  created_by              NUMBER(15),
  last_update_login       NUMBER(15),
  start_date              DATE,
  end_date                DATE,
  description             VARCHAR2(240),
  employee_id             NUMBER(15),
  email_address           VARCHAR2(240),
  fax                     VARCHAR2(80),
  customer_id             NUMBER(15),
  supplier_id             NUMBER(15),
  gcn_code_combination_id NUMBER(15),
  person_party_id         NUMBER,
  last_logon_date         DATE
)
tablespace BI_DW_DATA
  pctfree 10
  initrans 1
  maxtrans 255
  storage
  (
    initial 64K
    next 1M
    minextents 1
    maxextents unlimited
  )

没有登录

create index SOAU.FND_USER_INDEX on DWSTG.FND_USER (USER_NAME)
  tablespace BI_DW_DATA
  pctfree 10
  initrans 2
  maxtrans 255
  storage
  (
    initial 64K
    next 1M
    minextents 1
    maxextents unlimited
  )

没有登录

alter table DWSTG.FND_USER
  add constraint FND_USER_PK primary key (USER_ID)
  using index
  tablespace BI_DW_IDX
  pctfree 10
  initrans 2
  maxtrans 255
  storage
  (
    initial 64K
    next 1M
    minextents 1
    maxextents unlimited
  )

没有登录

Creating table HFM_TBHFM_ENTITY
===============================


create table DWSTG.HFM_TBHFM_ENTITY
(
  id              INTEGER not null,
  label           NVARCHAR2(100) not null,
  parentid        INTEGER not null,
  parentlabel     NVARCHAR2(100),
  description     NVARCHAR2(256),
  userdefined1    NVARCHAR2(256),
  userdefined2    NVARCHAR2(256),
  userdefined3    NVARCHAR2(256),
  isshared        INTEGER not null,
  isicp           INTEGER not null,
  defaultcurrency INTEGER not null,
  isleaf          INTEGER not null
)
tablespace BI_DW_DATA
  pctfree 10
  initrans 1
  maxtrans 255
  storage
  (
    initial 64K
    next 1M
    minextents 1
    maxextents unlimited
  )

没有登录

alter table DWSTG.HFM_TBHFM_ENTITY
  add primary key (ID, PARENTID)
  using index
  tablespace BI_DW_IDX
  pctfree 10
  initrans 2
  maxtrans 255
  storage
  (
    initial 64K
    next 1M
    minextents 1
    maxextents unlimited
  )

没有登录

Creating table HFM_TBHFM_PERIOD
===============================


create table DWSTG.HFM_TBHFM_PERIOD
(
  id          INTEGER not null,
  label       NVARCHAR2(100) not null,
  parentid    INTEGER not null,
  parentlabel NVARCHAR2(100),
  description NVARCHAR2(256),
  isshared    INTEGER not null,
  isleaf      INTEGER not null
)
tablespace BI_DW_DATA
  pctfree 10
  initrans 1
  maxtrans 255
  storage
  (
    initial 64K
    next 1M
    minextents 1
    maxextents unlimited
  )

没有登录

alter table DWSTG.HFM_TBHFM_PERIOD
  add primary key (ID, PARENTID)
  using index
  tablespace BI_DW_IDX
  pctfree 10
  initrans 2
  maxtrans 255
  storage
  (
    initial 64K
    next 1M
    minextents 1
    maxextents unlimited
  )

没有登录

Creating table HP_DATA_TBCBYS_COST
==================================


create table DWSTG.HP_DATA_TBCBYS_COST
(
  account    VARCHAR2(240) not null,
  periods    VARCHAR2(240) not null,
  spare      VARCHAR2(240) not null,
  years      VARCHAR2(240) not null,
  stage      VARCHAR2(240) not null,
  version    VARCHAR2(240) not null,
  package    VARCHAR2(240) not null,
  entity     VARCHAR2(240) not null,
  input      VARCHAR2(240) not null,
  department VARCHAR2(240) not null,
  product    VARCHAR2(240) not null,
  material   VARCHAR2(240) not null,
  scenario   VARCHAR2(240) not null,
  data       NUMBER,
  attribute1 VARCHAR2(240),
  attribute2 VARCHAR2(240),
  attribute3 VARCHAR2(240),
  attribute4 VARCHAR2(240),
  attribute5 VARCHAR2(240)
)
partition by range (YEARS)
subpartition by list (SCENARIO)
(
  partition PART_2009 values less than ('FY10')
    tablespace BI_DW_DATA
    pctfree 10
    initrans 1
    maxtrans 255
  (
    subpartition PART_2009_SC01 values ('SC01') tablespace BI_DW_DATA,
    subpartition PART_2009_SC02 values ('SC02') tablespace BI_DW_DATA,
    subpartition PART_2009_SC03 values ('SC03') tablespace BI_DW_DATA
  ),
  partition PART_2010 values less than ('FY11')
    tablespace BI_DW_DATA
    pctfree 10
    initrans 1
    maxtrans 255
  (
    subpartition PART_2010_SC01 values ('SC01') tablespace BI_DW_DATA,
    subpartition PART_2010_SC02 values ('SC02') tablespace BI_DW_DATA,
    subpartition PART_2010_SC03 values ('SC03') tablespace BI_DW_DATA
  ),
  partition PART_2011 values less than ('FY12')
    tablespace BI_DW_DATA
    pctfree 10
    initrans 1
    maxtrans 255
  (
    subpartition PART_2011_SC01 values ('SC01') tablespace BI_DW_DATA,
    subpartition PART_2011_SC02 values ('SC02') tablespace BI_DW_DATA,
    subpartition PART_2011_SC03 values ('SC03') tablespace BI_DW_DATA
  ),
  partition PART_2012 values less than ('FY13')
    tablespace BI_DW_DATA
    pctfree 10
    initrans 1
    maxtrans 255
  (
    subpartition PART_2012_SC01 values ('SC01') tablespace BI_DW_DATA,
    subpartition PART_2012_SC02 values ('SC02') tablespace BI_DW_DATA,
    subpartition PART_2012_SC03 values ('SC03') tablespace BI_DW_DATA
  ),
  partition PART_2013 values less than ('FY14')
    tablespace BI_DW_DATA
    pctfree 10
    initrans 1
    maxtrans 255
  (
    subpartition PART_2013_SC01 values ('SC01') tablespace BI_DW_DATA,
    subpartition PART_2013_SC02 values ('SC02') tablespace BI_DW_DATA,
    subpartition PART_2013_SC03 values ('SC03') tablespace BI_DW_DATA
  ),
  partition PART_2014 values less than ('FY15')
    tablespace BI_DW_DATA
    pctfree 10
    initrans 1
    maxtrans 255
  (
    subpartition PART_2014_SC01 values ('SC01') tablespace BI_DW_DATA,
    subpartition PART_2014_SC02 values ('SC02') tablespace BI_DW_DATA,
    subpartition PART_2014_SC03 values ('SC03') tablespace BI_DW_DATA
  ),
  partition PART_2015 values less than ('FY16')
    tablespace BI_DW_DATA
    pctfree 10
    initrans 1
    maxtrans 255
  (
    subpartition PART_2015_SC01 values ('SC01') tablespace BI_DW_DATA,
    subpartition PART_2015_SC02 values ('SC02') tablespace BI_DW_DATA,
    subpartition PART_2015_SC03 values ('SC03') tablespace BI_DW_DATA
  ),
  partition PART_2016 values less than ('FY17')
    tablespace BI_DW_DATA
    pctfree 10
    initrans 1
    maxtrans 255
  (
    subpartition PART_2016_SC01 values ('SC01') tablespace BI_DW_DATA,
    subpartition PART_2016_SC02 values ('SC02') tablespace BI_DW_DATA,
    subpartition PART_2016_SC03 values ('SC03') tablespace BI_DW_DATA
  ),
  partition PART_2017 values less than ('FY18')
    tablespace BI_DW_DATA
    pctfree 10
    initrans 1
    maxtrans 255
  (
    subpartition PART_2017_SC01 values ('SC01') tablespace BI_DW_DATA,
    subpartition PART_2017_SC02 values ('SC02') tablespace BI_DW_DATA,
    subpartition PART_2017_SC03 values ('SC03') tablespace BI_DW_DATA
  ),
  partition PART_2018 values less than ('FY19')
    tablespace BI_DW_DATA
    pctfree 10
    initrans 1
    maxtrans 255
  (
    subpartition PART_2018_SC01 values ('SC01') tablespace BI_DW_DATA,
    subpartition PART_2018_SC02 values ('SC02') tablespace BI_DW_DATA,
    subpartition PART_2018_SC03 values ('SC03') tablespace BI_DW_DATA
  ),
  partition PART_2019 values less than ('FY20')
    tablespace BI_DW_DATA
    pctfree 10
    initrans 1
    maxtrans 255
  (
    subpartition PART_2019_SC01 values ('SC01') tablespace BI_DW_DATA,
    subpartition PART_2019_SC02 values ('SC02') tablespace BI_DW_DATA,
    subpartition PART_2019_SC03 values ('SC03') tablespace BI_DW_DATA
  ),
  partition PART_2020 values less than ('FY21')
    tablespace BI_DW_DATA
    pctfree 10
    initrans 1
    maxtrans 255
  (
    subpartition PART_2020_SC01 values ('SC01') tablespace BI_DW_DATA,
    subpartition PART_2020_SC02 values ('SC02') tablespace BI_DW_DATA,
    subpartition PART_2020_SC03 values ('SC03') tablespace BI_DW_DATA
  )
)

没有登录

create index SOAU.HP_DATA_TBCBYS_COST_PK on DWSTG.HP_DATA_TBCBYS_COST (ACCOUNT, SCENARIO, VERSION, YEARS, PERIODS, PRODUCT, MATERIAL)
  tablespace BI_DW_IDX
  pctfree 10
  initrans 2
  maxtrans 255
  storage
  (
    initial 64K
    next 1M
    minextents 1
    maxextents unlimited
  )

没有登录

Creating table HP_DATA_TBCBYS_EXPENSE
=====================================


create table DWSTG.HP_DATA_TBCBYS_EXPENSE
(
  account    VARCHAR2(240) not null,
  periods    VARCHAR2(240) not null,
  spare      VARCHAR2(240) not null,
  scenario   VARCHAR2(240) not null,
  years      VARCHAR2(240) not null,
  version    VARCHAR2(240) not null,
  entity     VARCHAR2(240) not null,
  department VARCHAR2(240) not null,
  data       NUMBER,
  attribute1 VARCHAR2(240),
  attribute2 VARCHAR2(240),
  attribute3 VARCHAR2(240),
  attribute4 VARCHAR2(240),
  attribute5 VARCHAR2(240)
)
tablespace BI_DW_DATA
  pctfree 10
  initrans 1
  maxtrans 255
  storage
  (
    initial 64K
    next 1M
    minextents 1
    maxextents unlimited
  )
nologging

没有登录

Creating table HP_DATA_TBCWYS_NONPROD
=====================================


create table DWSTG.HP_DATA_TBCWYS_NONPROD
(
  account    VARCHAR2(240),
  periods    VARCHAR2(240),
  spare      VARCHAR2(240),
  years      VARCHAR2(240),
  version    VARCHAR2(240),
  scenario   VARCHAR2(240),
  buyer      VARCHAR2(240),
  entity     VARCHAR2(240),
  department VARCHAR2(240),
  data       NUMBER,
  attribute1 VARCHAR2(240),
  attribute2 VARCHAR2(240),
  attribute3 VARCHAR2(240),
  attribute4 VARCHAR2(240),
  attribute5 VARCHAR2(240)
)
tablespace BI_DW_DATA
  pctfree 10
  initrans 1
  maxtrans 255
  storage
  (
    initial 64K
    next 1M
    minextents 1
    maxextents unlimited
  )

没有登录

Creating table HP_DATA_TBCWYS_PROD
==================================


create table DWSTG.HP_DATA_TBCWYS_PROD
(
  account    VARCHAR2(240),
  periods    VARCHAR2(240),
  joint      VARCHAR2(240),
  spare      VARCHAR2(240),
  years      VARCHAR2(240),
  logistic   VARCHAR2(240),
  version    VARCHAR2(240),
  source     VARCHAR2(240),
  scenario   VARCHAR2(240),
  buyer      VARCHAR2(240),
  entity     VARCHAR2(240),
  department VARCHAR2(240),
  product    VARCHAR2(240),
  data       NUMBER,
  attribute1 VARCHAR2(240),
  attribute2 VARCHAR2(240),
  attribute3 VARCHAR2(240),
  attribute4 VARCHAR2(240),
  attribute5 VARCHAR2(240)
)
partition by range (YEARS)
subpartition by list (SCENARIO)
(
  partition PART_2009 values less than ('FY10')
    tablespace BI_DW_DATA
    pctfree 10
    initrans 1
    maxtrans 255
  (
    subpartition PART_2009_SC01 values ('SC01') tablespace BI_DW_DATA,
    subpartition PART_2009_SC02 values ('SC02') tablespace BI_DW_DATA,
    subpartition PART_2009_SC03 values ('SC03') tablespace BI_DW_DATA
  ),
  partition PART_2010 values less than ('FY11')
    tablespace BI_DW_DATA
    pctfree 10
    initrans 1
    maxtrans 255
  (
    subpartition PART_2010_SC01 values ('SC01') tablespace BI_DW_DATA,
    subpartition PART_2010_SC02 values ('SC02') tablespace BI_DW_DATA,
    subpartition PART_2010_SC03 values ('SC03') tablespace BI_DW_DATA
  ),
  partition PART_2011 values less than ('FY12')
    tablespace BI_DW_DATA
    pctfree 10
    initrans 1
    maxtrans 255
  (
    subpartition PART_2011_SC01 values ('SC01') tablespace BI_DW_DATA,
    subpartition PART_2011_SC02 values ('SC02') tablespace BI_DW_DATA,
    subpartition PART_2011_SC03 values ('SC03') tablespace BI_DW_DATA
  ),
  partition PART_2012 values less than ('FY13')
    tablespace BI_DW_DATA
    pctfree 10
    initrans 1
    maxtrans 255
  (
    subpartition PART_2012_SC01 values ('SC01') tablespace BI_DW_DATA,
    subpartition PART_2012_SC02 values ('SC02') tablespace BI_DW_DATA,
    subpartition PART_2012_SC03 values ('SC03') tablespace BI_DW_DATA
  ),
  partition PART_2013 values less than ('FY14')
    tablespace BI_DW_DATA
    pctfree 10
    initrans 1
    maxtrans 255
  (
    subpartition PART_2013_SC01 values ('SC01') tablespace BI_DW_DATA,
    subpartition PART_2013_SC02 values ('SC02') tablespace BI_DW_DATA,
    subpartition PART_2013_SC03 values ('SC03') tablespace BI_DW_DATA
  ),
  partition PART_2014 values less than ('FY15')
    tablespace BI_DW_DATA
    pctfree 10
    initrans 1
    maxtrans 255
  (
    subpartition PART_2014_SC01 values ('SC01') tablespace BI_DW_DATA,
    subpartition PART_2014_SC02 values ('SC02') tablespace BI_DW_DATA,
    subpartition PART_2014_SC03 values ('SC03') tablespace BI_DW_DATA
  ),
  partition PART_2015 values less than ('FY16')
    tablespace BI_DW_DATA
    pctfree 10
    initrans 1
    maxtrans 255
  (
    subpartition PART_2015_SC01 values ('SC01') tablespace BI_DW_DATA,
    subpartition PART_2015_SC02 values ('SC02') tablespace BI_DW_DATA,
    subpartition PART_2015_SC03 values ('SC03') tablespace BI_DW_DATA
  ),
  partition PART_2016 values less than ('FY17')
    tablespace BI_DW_DATA
    pctfree 10
    initrans 1
    maxtrans 255
  (
    subpartition PART_2016_SC01 values ('SC01') tablespace BI_DW_DATA,
    subpartition PART_2016_SC02 values ('SC02') tablespace BI_DW_DATA,
    subpartition PART_2016_SC03 values ('SC03') tablespace BI_DW_DATA
  ),
  partition PART_2017 values less than ('FY18')
    tablespace BI_DW_DATA
    pctfree 10
    initrans 1
    maxtrans 255
  (
    subpartition PART_2017_SC01 values ('SC01') tablespace BI_DW_DATA,
    subpartition PART_2017_SC02 values ('SC02') tablespace BI_DW_DATA,
    subpartition PART_2017_SC03 values ('SC03') tablespace BI_DW_DATA
  ),
  partition PART_2018 values less than ('FY19')
    tablespace BI_DW_DATA
    pctfree 10
    initrans 1
    maxtrans 255
  (
    subpartition PART_2018_SC01 values ('SC01') tablespace BI_DW_DATA,
    subpartition PART_2018_SC02 values ('SC02') tablespace BI_DW_DATA,
    subpartition PART_2018_SC03 values ('SC03') tablespace BI_DW_DATA
  ),
  partition PART_2019 values less than ('FY20')
    tablespace BI_DW_DATA
    pctfree 10
    initrans 1
    maxtrans 255
  (
    subpartition PART_2019_SC01 values ('SC01') tablespace BI_DW_DATA,
    subpartition PART_2019_SC02 values ('SC02') tablespace BI_DW_DATA,
    subpartition PART_2019_SC03 values ('SC03') tablespace BI_DW_DATA
  ),
  partition PART_2020 values less than ('FY21')
    tablespace BI_DW_DATA
    pctfree 10
    initrans 1
    maxtrans 255
  (
    subpartition PART_2020_SC01 values ('SC01') tablespace BI_DW_DATA,
    subpartition PART_2020_SC02 values ('SC02') tablespace BI_DW_DATA,
    subpartition PART_2020_SC03 values ('SC03') tablespace BI_DW_DATA
  )
)

没有登录

Creating table HP_DATA_TBCWYS_REPORT
====================================


create table DWSTG.HP_DATA_TBCWYS_REPORT
(
  account    VARCHAR2(240),
  periods    VARCHAR2(240),
  spare      VARCHAR2(240),
  years      VARCHAR2(240),
  version    VARCHAR2(240),
  scenario   VARCHAR2(240),
  entity     VARCHAR2(240),
  department VARCHAR2(240),
  data       NUMBER,
  attribute1 VARCHAR2(240),
  attribute2 VARCHAR2(240),
  attribute3 VARCHAR2(240),
  attribute4 VARCHAR2(240),
  attribute5 VARCHAR2(240)
)
tablespace BI_DW_DATA
  pctfree 10
  initrans 1
  maxtrans 255
  storage
  (
    initial 64K
    next 1M
    minextents 1
    maxextents unlimited
  )

没有登录

Creating table HP_DATA_TBXHYB_CONSUMPT
======================================


create table DWSTG.HP_DATA_TBXHYB_CONSUMPT
(
  account    VARCHAR2(240) not null,
  periods    VARCHAR2(240) not null,
  spare      VARCHAR2(240) not null,
  years      VARCHAR2(240) not null,
  version    VARCHAR2(240) not null,
  package    VARCHAR2(240) not null,
  entity     VARCHAR2(240) not null,
  department VARCHAR2(240) not null,
  scenario   VARCHAR2(240) not null,
  category   VARCHAR2(240) not null,
  data       NUMBER,
  attribute1 VARCHAR2(240),
  attribute2 VARCHAR2(240),
  attribute3 VARCHAR2(240),
  attribute4 VARCHAR2(240),
  attribute5 VARCHAR2(240)
)
tablespace BI_DW_DATA
  pctfree 10
  initrans 1
  maxtrans 255
  storage
  (
    initial 64K
    next 1M
    minextents 1
    maxextents unlimited
  )

没有登录

Creating table HP_HADF_COST_MAPPING
===================================


create table DWSTG.HP_HADF_COST_MAPPING
(
  hp_code    VARCHAR2(240) not null,
  hadf_code  VARCHAR2(240) not null,
  attribute1 VARCHAR2(240),
  attribute2 VARCHAR2(240),
  attribute3 VARCHAR2(240),
  attribute4 VARCHAR2(240),
  attribute5 VARCHAR2(240)
)
tablespace BI_DW_DATA
  pctfree 10
  initrans 1
  maxtrans 255
  storage
  (
    initial 64K
    next 1M
    minextents 1
    maxextents unlimited
  )

没有登录

Creating table HP_HADF_PACK_MAPPING
===================================


create table DWSTG.HP_HADF_PACK_MAPPING
(
  hp_code    VARCHAR2(240) not null,
  hadf_code  VARCHAR2(240) not null,
  attribute1 VARCHAR2(240),
  attribute2 VARCHAR2(240),
  attribute3 VARCHAR2(240),
  attribute4 VARCHAR2(240),
  attribute5 VARCHAR2(240)
)
tablespace BI_DW_DATA
  pctfree 10
  initrans 1
  maxtrans 255
  storage
  (
    initial 64K
    next 1M
    minextents 1
    maxextents unlimited
  )

没有登录

Creating table HP_HADF_PERIOD_MAPPING
=====================================


create table DWSTG.HP_HADF_PERIOD_MAPPING
(
  hp_code    VARCHAR2(240) not null,
  hadf_code  VARCHAR2(240) not null,
  month      NUMBER,
  attribute1 VARCHAR2(240),
  attribute2 VARCHAR2(240),
  attribute3 VARCHAR2(240),
  attribute4 VARCHAR2(240),
  attribute5 VARCHAR2(240)
)
tablespace BI_DW_DATA
  pctfree 10
  initrans 1
  maxtrans 255
  storage
  (
    initial 64K
    next 1M
    minextents 1
    maxextents unlimited
  )

没有登录

Creating table HR_ORGANIZATION_INFORMATION
==========================================


create table DWSTG.HR_ORGANIZATION_INFORMATION
(
  org_information_id      NUMBER not null,
  org_information_context VARCHAR2(40),
  organization_id         NUMBER(15),
  org_information1        VARCHAR2(150),
  org_information10       VARCHAR2(150),
  org_information11       VARCHAR2(150),
  org_information12       VARCHAR2(150),
  org_information13       VARCHAR2(150),
  org_information14       VARCHAR2(150),
  org_information15       VARCHAR2(150),
  org_information16       VARCHAR2(150),
  org_information17       VARCHAR2(150),
  org_information18       VARCHAR2(150),
  org_information19       VARCHAR2(150),
  org_information2        VARCHAR2(150),
  org_information20       VARCHAR2(150),
  org_information3        VARCHAR2(150),
  org_information4        VARCHAR2(150),
  org_information5        VARCHAR2(150),
  org_information6        VARCHAR2(150),
  org_information7        VARCHAR2(150),
  org_information8        VARCHAR2(150),
  org_information9        VARCHAR2(150),
  request_id              NUMBER(15),
  program_application_id  NUMBER(15),
  program_id              NUMBER(15),
  program_update_date     DATE,
  attribute_category      VARCHAR2(30),
  attribute1              VARCHAR2(150),
  attribute2              VARCHAR2(150),
  attribute3              VARCHAR2(150),
  attribute4              VARCHAR2(150),
  attribute5              VARCHAR2(150),
  attribute6              VARCHAR2(150),
  attribute7              VARCHAR2(150),
  attribute8              VARCHAR2(150),
  attribute9              VARCHAR2(150),
  attribute10             VARCHAR2(150),
  attribute11             VARCHAR2(150),
  attribute12             VARCHAR2(150),
  attribute13             VARCHAR2(150),
  attribute14             VARCHAR2(150),
  attribute15             VARCHAR2(150),
  attribute16             VARCHAR2(150),
  attribute17             VARCHAR2(150),
  attribute18             VARCHAR2(150),
  attribute19             VARCHAR2(150),
  attribute20             VARCHAR2(150),
  last_update_date        DATE,
  last_updated_by         NUMBER(15),
  last_update_login       NUMBER(15),
  created_by              NUMBER(15),
  creation_date           DATE,
  object_version_number   NUMBER(9),
  party_id                NUMBER(15)
)
tablespace BI_DW_DATA
  pctfree 10
  initrans 1
  maxtrans 255
  storage
  (
    initial 64K
    next 1M
    minextents 1
    maxextents unlimited
  )

没有登录

alter table DWSTG.HR_ORGANIZATION_INFORMATION
  add constraint HR_ORGANIZATION_INFORMATION_PK primary key (ORG_INFORMATION_ID)
  using index
  tablespace BI_DW_IDX
  pctfree 10
  initrans 2
  maxtrans 255
  storage
  (
    initial 64K
    next 1M
    minextents 1
    maxextents unlimited
  )

没有登录

Creating table HZ_CUST_ACCOUNTS
===============================


create table DWSTG.HZ_CUST_ACCOUNTS
(
  cust_account_id                NUMBER(15) not null,
  party_id                       NUMBER(15),
  last_update_date               DATE,
  account_number                 VARCHAR2(30),
  last_updated_by                NUMBER(15),
  creation_date                  DATE,
  created_by                     NUMBER(15),
  last_update_login              NUMBER(15),
  request_id                     NUMBER(15),
  program_application_id         NUMBER(15),
  program_id                     NUMBER(15),
  program_update_date            DATE,
  wh_update_date                 DATE,
  attribute_category             VARCHAR2(30),
  attribute1                     VARCHAR2(150),
  attribute2                     VARCHAR2(150),
  attribute3                     VARCHAR2(150),
  attribute4                     VARCHAR2(150),
  attribute5                     VARCHAR2(150),
  attribute6                     VARCHAR2(150),
  attribute7                     VARCHAR2(150),
  attribute8                     VARCHAR2(150),
  attribute9                     VARCHAR2(150),
  attribute10                    VARCHAR2(150),
  attribute11                    VARCHAR2(150),
  attribute12                    VARCHAR2(150),
  attribute13                    VARCHAR2(150),
  attribute14                    VARCHAR2(150),
  attribute15                    VARCHAR2(150),
  attribute16                    VARCHAR2(150),
  attribute17                    VARCHAR2(150),
  attribute18                    VARCHAR2(150),
  attribute19                    VARCHAR2(150),
  attribute20                    VARCHAR2(150),
  global_attribute_category      VARCHAR2(30),
  global_attribute1              VARCHAR2(150),
  global_attribute2              VARCHAR2(150),
  global_attribute3              VARCHAR2(150),
  global_attribute4              VARCHAR2(150),
  global_attribute5              VARCHAR2(150),
  global_attribute6              VARCHAR2(150),
  global_attribute7              VARCHAR2(150),
  global_attribute8              VARCHAR2(150),
  global_attribute9              VARCHAR2(150),
  global_attribute10             VARCHAR2(150),
  global_attribute11             VARCHAR2(150),
  global_attribute12             VARCHAR2(150),
  global_attribute13             VARCHAR2(150),
  global_attribute14             VARCHAR2(150),
  global_attribute15             VARCHAR2(150),
  global_attribute16             VARCHAR2(150),
  global_attribute17             VARCHAR2(150),
  global_attribute18             VARCHAR2(150),
  global_attribute19             VARCHAR2(150),
  global_attribute20             VARCHAR2(150),
  orig_system_reference          VARCHAR2(240),
  status                         VARCHAR2(1),
  customer_type                  VARCHAR2(30),
  customer_class_code            VARCHAR2(30),
  primary_salesrep_id            NUMBER(15),
  sales_channel_code             VARCHAR2(30),
  order_type_id                  NUMBER(15),
  price_list_id                  NUMBER(15),
  subcategory_code               VARCHAR2(30),
  tax_code                       VARCHAR2(50),
  fob_point                      VARCHAR2(30),
  freight_term                   VARCHAR2(30),
  ship_partial                   VARCHAR2(1),
  ship_via                       VARCHAR2(30),
  warehouse_id                   NUMBER(15),
  payment_term_id                NUMBER(15),
  tax_header_level_flag          VARCHAR2(1),
  tax_rounding_rule              VARCHAR2(30),
  coterminate_day_month          VARCHAR2(6),
  primary_specialist_id          NUMBER(15),
  secondary_specialist_id        NUMBER(15),
  account_liable_flag            VARCHAR2(1),
  restriction_limit_amount       NUMBER,
  current_balance                NUMBER,
  password_text                  VARCHAR2(60),
  high_priority_indicator        VARCHAR2(1),
  account_established_date       DATE,
  account_termination_date       DATE,
  account_activation_date        DATE,
  credit_classification_code     VARCHAR2(30),
  department                     VARCHAR2(30),
  major_account_number           VARCHAR2(30),
  hotwatch_service_flag          VARCHAR2(1),
  hotwatch_svc_bal_ind           VARCHAR2(30),
  held_bill_expiration_date      DATE,
  hold_bill_flag                 VARCHAR2(1),
  high_priority_remarks          VARCHAR2(80),
  po_effective_date              DATE,
  po_expiration_date             DATE,
  realtime_rate_flag             VARCHAR2(1),
  single_user_flag               VARCHAR2(1),
  watch_account_flag             VARCHAR2(1),
  watch_balance_indicator        VARCHAR2(1),
  geo_code                       VARCHAR2(30),
  acct_life_cycle_status         VARCHAR2(30),
  account_name                   VARCHAR2(240),
  deposit_refund_method          VARCHAR2(20),
  dormant_account_flag           VARCHAR2(1),
  npa_number                     VARCHAR2(60),
  pin_number                     NUMBER(16),
  suspension_date                DATE,
  write_off_adjustment_amount    NUMBER,
  write_off_payment_amount       NUMBER,
  write_off_amount               NUMBER,
  source_code                    VARCHAR2(150),
  competitor_type                VARCHAR2(150),
  comments                       VARCHAR2(240),
  dates_negative_tolerance       NUMBER,
  dates_positive_tolerance       NUMBER,
  date_type_preference           VARCHAR2(20),
  over_shipment_tolerance        NUMBER,
  under_shipment_tolerance       NUMBER,
  over_return_tolerance          NUMBER,
  under_return_tolerance         NUMBER,
  item_cross_ref_pref            VARCHAR2(30),
  ship_sets_include_lines_flag   VARCHAR2(1),
  arrivalsets_include_lines_flag VARCHAR2(1),
  sched_date_push_flag           VARCHAR2(1),
  invoice_quantity_rule          VARCHAR2(30),
  pricing_event                  VARCHAR2(30),
  account_replication_key        NUMBER(15),
  status_update_date             DATE,
  autopay_flag                   VARCHAR2(1),
  notify_flag                    VARCHAR2(1),
  last_batch_id                  NUMBER,
  org_id                         NUMBER(15),
  object_version_number          NUMBER,
  created_by_module              VARCHAR2(150),
  application_id                 NUMBER,
  selling_party_id               NUMBER(15)
)
tablespace BI_DW_DATA
  pctfree 10
  initrans 1
  maxtrans 255
  storage
  (
    initial 64K
    next 1M
    minextents 1
    maxextents unlimited
  )

没有登录

alter table DWSTG.HZ_CUST_ACCOUNTS
  add constraint HZ_CUST_ACCOUNTS_PK primary key (CUST_ACCOUNT_ID)
  using index
  tablespace BI_DW_IDX
  pctfree 10
  initrans 2
  maxtrans 255
  storage
  (
    initial 64K
    next 1M
    minextents 1
    maxextents unlimited
  )

没有登录

Creating table HZ_CUST_SITE_USES_ALL
====================================


create table DWSTG.HZ_CUST_SITE_USES_ALL
(
  site_use_id                    NUMBER(15) not null,
  cust_acct_site_id              NUMBER(15),
  last_update_date               DATE,
  last_updated_by                NUMBER(15),
  creation_date                  DATE,
  created_by                     NUMBER(15),
  site_use_code                  VARCHAR2(30),
  primary_flag                   VARCHAR2(1),
  status                         VARCHAR2(1),
  location                       VARCHAR2(40),
  last_update_login              NUMBER(15),
  contact_id                     NUMBER(15),
  bill_to_site_use_id            NUMBER(15),
  orig_system_reference          VARCHAR2(240),
  sic_code                       VARCHAR2(30),
  payment_term_id                NUMBER(15),
  gsa_indicator                  VARCHAR2(1),
  ship_partial                   VARCHAR2(1),
  ship_via                       VARCHAR2(30),
  fob_point                      VARCHAR2(30),
  order_type_id                  NUMBER(15),
  price_list_id                  NUMBER(15),
  freight_term                   VARCHAR2(30),
  warehouse_id                   NUMBER(15),
  territory_id                   NUMBER(15),
  attribute_category             VARCHAR2(30),
  attribute1                     VARCHAR2(150),
  attribute2                     VARCHAR2(150),
  attribute3                     VARCHAR2(150),
  attribute4                     VARCHAR2(150),
  attribute5                     VARCHAR2(150),
  attribute6                     VARCHAR2(150),
  attribute7                     VARCHAR2(150),
  attribute8                     VARCHAR2(150),
  attribute9                     VARCHAR2(150),
  attribute10                    VARCHAR2(150),
  request_id                     NUMBER(15),
  program_application_id         NUMBER(15),
  program_id                     NUMBER(15),
  program_update_date            DATE,
  tax_reference                  VARCHAR2(50),
  sort_priority                  NUMBER(5),
  tax_code                       VARCHAR2(50),
  attribute11                    VARCHAR2(150),
  attribute12                    VARCHAR2(150),
  attribute13                    VARCHAR2(150),
  attribute14                    VARCHAR2(150),
  attribute15                    VARCHAR2(150),
  attribute16                    VARCHAR2(150),
  attribute17                    VARCHAR2(150),
  attribute18                    VARCHAR2(150),
  attribute19                    VARCHAR2(150),
  attribute20                    VARCHAR2(150),
  attribute21                    VARCHAR2(150),
  attribute22                    VARCHAR2(150),
  attribute23                    VARCHAR2(150),
  attribute24                    VARCHAR2(150),
  attribute25                    VARCHAR2(150),
  last_accrue_charge_date        DATE,
  second_last_accrue_charge_date DATE,
  last_unaccrue_charge_date      DATE,
  second_last_unaccrue_chrg_date DATE,
  demand_class_code              VARCHAR2(30),
  org_id                         NUMBER(15),
  tax_header_level_flag          VARCHAR2(1),
  tax_rounding_rule              VARCHAR2(30),
  wh_update_date                 DATE,
  global_attribute1              VARCHAR2(150),
  global_attribute2              VARCHAR2(150),
  global_attribute3              VARCHAR2(150),
  global_attribute4              VARCHAR2(150),
  global_attribute5              VARCHAR2(150),
  global_attribute6              VARCHAR2(150),
  global_attribute7              VARCHAR2(150),
  global_attribute8              VARCHAR2(150),
  global_attribute9              VARCHAR2(150),
  global_attribute10             VARCHAR2(150),
  global_attribute11             VARCHAR2(150),
  global_attribute12             VARCHAR2(150),
  global_attribute13             VARCHAR2(150),
  global_attribute14             VARCHAR2(150),
  global_attribute15             VARCHAR2(150),
  global_attribute16             VARCHAR2(150),
  global_attribute17             VARCHAR2(150),
  global_attribute18             VARCHAR2(150),
  global_attribute19             VARCHAR2(150),
  global_attribute20             VARCHAR2(150),
  global_attribute_category      VARCHAR2(30),
  primary_salesrep_id            NUMBER(15),
  finchrg_receivables_trx_id     NUMBER(15),
  dates_negative_tolerance       NUMBER,
  dates_positive_tolerance       NUMBER,
  date_type_preference           VARCHAR2(20),
  over_shipment_tolerance        NUMBER,
  under_shipment_tolerance       NUMBER,
  item_cross_ref_pref            VARCHAR2(30),
  over_return_tolerance          NUMBER,
  under_return_tolerance         NUMBER,
  ship_sets_include_lines_flag   VARCHAR2(1),
  arrivalsets_include_lines_flag VARCHAR2(1),
  sched_date_push_flag           VARCHAR2(1),
  invoice_quantity_rule          VARCHAR2(30),
  pricing_event                  VARCHAR2(30),
  gl_id_rec                      NUMBER(15),
  gl_id_rev                      NUMBER(15),
  gl_id_tax                      NUMBER(15),
  gl_id_freight                  NUMBER(15),
  gl_id_clearing                 NUMBER(15),
  gl_id_unbilled                 NUMBER(15),
  gl_id_unearned                 NUMBER(15),
  gl_id_unpaid_rec               NUMBER(15),
  gl_id_remittance               NUMBER(15),
  gl_id_factor                   NUMBER(15),
  tax_classification             VARCHAR2(30),
  object_version_number          NUMBER,
  created_by_module              VARCHAR2(150),
  application_id                 NUMBER
)
tablespace BI_DW_DATA
  pctfree 10
  initrans 1
  maxtrans 255
  storage
  (
    initial 64K
    next 1M
    minextents 1
    maxextents unlimited
  )

没有登录

create index DWSTG.HZ_CUST_SITE_USES_ALL_N1 on DWSTG.HZ_CUST_SITE_USES_ALL (CUST_ACCT_SITE_ID)
  tablespace BI_DW_IDX
  pctfree 10
  initrans 2
  maxtrans 255
  storage
  (
    initial 64K
    next 1M
    minextents 1
    maxextents unlimited
  )

没有登录

create index DWSTG.HZ_CUST_SITE_USES_ALL_N2 on DWSTG.HZ_CUST_SITE_USES_ALL (TERRITORY_ID)
  tablespace BI_DW_IDX
  pctfree 10
  initrans 2
  maxtrans 255
  storage
  (
    initial 64K
    next 1M
    minextents 1
    maxextents unlimited
  )

没有登录

create index DWSTG.HZ_CUST_SITE_USES_ALL_N4 on DWSTG.HZ_CUST_SITE_USES_ALL (ORG_ID, SITE_USE_CODE)
  tablespace BI_DW_IDX
  pctfree 10
  initrans 2
  maxtrans 255
  storage
  (
    initial 64K
    next 1M
    minextents 1
    maxextents unlimited
  )

没有登录

alter table DWSTG.HZ_CUST_SITE_USES_ALL
  add constraint PK_HZ_CUST_SITE_USES_ALL primary key (SITE_USE_ID)
  using index
  tablespace BI_DW_IDX
  pctfree 10
  initrans 2
  maxtrans 255
  storage
  (
    initial 64K
    next 1M
    minextents 1
    maxextents unlimited
  )

没有登录

Creating table MEP_BRAND_DETAIL
===============================


create table DWSTG.MEP_BRAND_DETAIL
(
  header_id          NUMBER not null,
  line_id            NUMBER not null,
  entity_code        VARCHAR2(30) not null,
  province_code      VARCHAR2(240) not null,
  brand_type         VARCHAR2(240),
  brand_serial       VARCHAR2(240),
  center_serial      VARCHAR2(240),
  expense_project    VARCHAR2(240),
  expense_account    VARCHAR2(240),
  amount             NUMBER,
  source_type        VARCHAR2(30) not null,
  creation_date      DATE default sysdate not null,
  created_by         NUMBER default -1 not null,
  last_updated_by    NUMBER default -1 not null,
  last_update_date   DATE default sysdate not null,
  last_update_login  NUMBER,
  attribute_category VARCHAR2(30),
  attribute1         VARCHAR2(240),
  attribute2         VARCHAR2(240),
  attribute3         VARCHAR2(240),
  attribute4         VARCHAR2(240),
  attribute5         VARCHAR2(240)
)
tablespace BI_DW_DATA
  pctfree 10
  initrans 1
  maxtrans 255
  storage
  (
    initial 64K
    next 1M
    minextents 1
    maxextents unlimited
  )

没有登录

comment on table DWSTG.MEP_BRAND_DETAIL
  is '品牌费用台账'

没有登录

comment on column DWSTG.MEP_BRAND_DETAIL.header_id
  is '头表ID'

没有登录

comment on column DWSTG.MEP_BRAND_DETAIL.line_id
  is '表ID，主键，供其他表做外键'

没有登录

comment on column DWSTG.MEP_BRAND_DETAIL.entity_code
  is '销售单位'

没有登录

comment on column DWSTG.MEP_BRAND_DETAIL.province_code
  is '省份或直辖市 '

没有登录

comment on column DWSTG.MEP_BRAND_DETAIL.brand_type
  is '品牌大类'

没有登录

comment on column DWSTG.MEP_BRAND_DETAIL.brand_serial
  is '品牌系列'

没有登录

comment on column DWSTG.MEP_BRAND_DETAIL.center_serial
  is '中心系列'

没有登录

comment on column DWSTG.MEP_BRAND_DETAIL.expense_project
  is '费用项目'

没有登录

comment on column DWSTG.MEP_BRAND_DETAIL.expense_account
  is '费用科目'

没有登录

comment on column DWSTG.MEP_BRAND_DETAIL.amount
  is '金额'

没有登录

comment on column DWSTG.MEP_BRAND_DETAIL.source_type
  is '数据来源,AUTO/MANUAL'

没有登录

create index DWSTG.MEP_BRAND_DETAIL_N1 on DWSTG.MEP_BRAND_DETAIL (HEADER_ID)
  tablespace BI_DW_IDX
  pctfree 10
  initrans 2
  maxtrans 255
  storage
  (
    initial 64K
    next 1M
    minextents 1
    maxextents unlimited
  )

没有登录

alter table DWSTG.MEP_BRAND_DETAIL
  add constraint MEP_BRAND_DETAIL_PK primary key (LINE_ID)
  using index
  tablespace BI_DW_IDX
  pctfree 10
  initrans 2
  maxtrans 255
  storage
  (
    initial 64K
    next 1M
    minextents 1
    maxextents unlimited
  )

没有登录

