

***********************************************************************
Fatal NI connect error 12225, connecting to:
 (DESCRIPTION=(ADDRESS=(PROTOCOL=tcp)(HOST=172.16.2.98)(PORT=1533))(CONNECT_DATA=(SERVICE_NAME=UAT2)(INSTANCE_NAME=UAT2)(CID=(PROGRAM=C:\PLSQL Developer 8.0.3.1510\plsqldev.exe)(HOST=AKU-PC)(USER=AKU))))

  VERSION INFORMATION:
	TNS for 32-bit Windows: Version 8.0.6.0.0 - Production
	Windows NT TCP/IP NT Protocol Adapter for 32-bit Windows: Version 8.0.6.0.0 - Production
  Time: 21-MAR-14 16:16:42
  Tracing not turned on.
  Tns error struct:
    nr err code: 12225
    TNS-12225: Message 12225 not found; No message file for product=NET80, facility=TNS
    ns main err code: 12543
    TNS-12543: Message 12543 not found; No message file for product=NET80, facility=TNS
    ns secondary err code: 12560
    nt main err code: 513
    TNS-00513: Message 513 not found; No message file for product=NET80, facility=TNS
    nt secondary err code: 51
    nt OS err code: 0


***********************************************************************
Fatal NI connect error 12203, connecting to:
 (DESCRIPTION=(ADDRESS_LIST=(ADDRESS=(PROTOCOL=BEQ)(PROGRAM=oracle80)(ARGV0=oracle80ORCL)(ARGS='(DESCRIPTION=(LOCAL=YES)(ADDRESS=(PROTOCOL=beq)))')))(CONNECT_DATA=(SID=ORCL)(CID=(PROGRAM=C:\PLSQL Developer 8.0.3.1510\plsqldev.exe)(HOST=AKU-PC)(USER=AKU))))

  VERSION INFORMATION:
	TNS for 32-bit Windows: Version 8.0.6.0.0 - Production
	Oracle Bequeath NT Protocol Adapter for 32-bit Windows: Version 8.0.6.0.0 - Production
  Time: 21-MAR-14 16:37:53
  Tracing not turned on.
  Tns error struct:
    nr err code: 12203
    TNS-12203: Message 12203 not found; No message file for product=NET80, facility=TNS
    ns main err code: 12560
    TNS-12560: Message 12560 not found; No message file for product=NET80, facility=TNS
    ns secondary err code: 0
    nt main err code: 530
    TNS-00530: Message 530 not found; No message file for product=NET80, facility=TNS
    nt secondary err code: 0
    nt OS err code: 0


***********************************************************************
Fatal NI connect error 12203, connecting to:
 (DESCRIPTION=(ADDRESS_LIST=(ADDRESS=(PROTOCOL=BEQ)(PROGRAM=oracle80)(ARGV0=oracle80ORCL)(ARGS='(DESCRIPTION=(LOCAL=YES)(ADDRESS=(PROTOCOL=beq)))')))(CONNECT_DATA=(SID=ORCL)(CID=(PROGRAM=C:\PLSQL Developer 8.0.3.1510\plsqldev.exe)(HOST=AKU-PC)(USER=AKU))))

  VERSION INFORMATION:
	TNS for 32-bit Windows: Version 8.0.6.0.0 - Production
	Oracle Bequeath NT Protocol Adapter for 32-bit Windows: Version 8.0.6.0.0 - Production
  Time: 21-MAR-14 16:39:36
  Tracing not turned on.
  Tns error struct:
    nr err code: 12203
    TNS-12203: Message 12203 not found; No message file for product=NET80, facility=TNS
    ns main err code: 12560
    TNS-12560: Message 12560 not found; No message file for product=NET80, facility=TNS
    ns secondary err code: 0
    nt main err code: 530
    TNS-00530: Message 530 not found; No message file for product=NET80, facility=TNS
    nt secondary err code: 0
    nt OS err code: 0


***********************************************************************
Fatal NI connect error 12203, connecting to:
 (DESCRIPTION=(ADDRESS_LIST=(ADDRESS=(PROTOCOL=BEQ)(PROGRAM=oracle80)(ARGV0=oracle80ORCL)(ARGS='(DESCRIPTION=(LOCAL=YES)(ADDRESS=(PROTOCOL=beq)))')))(CONNECT_DATA=(SID=ORCL)(CID=(PROGRAM=C:\PLSQL Developer 8.0.3.1510\plsqldev.exe)(HOST=AKU-PC)(USER=AKU))))

  VERSION INFORMATION:
	TNS for 32-bit Windows: Version 8.0.6.0.0 - Production
	Oracle Bequeath NT Protocol Adapter for 32-bit Windows: Version 8.0.6.0.0 - Production
  Time: 21-MAR-14 16:39:48
  Tracing not turned on.
  Tns error struct:
    nr err code: 12203
    TNS-12203: Message 12203 not found; No message file for product=NET80, facility=TNS
    ns main err code: 12560
    TNS-12560: Message 12560 not found; No message file for product=NET80, facility=TNS
    ns secondary err code: 0
    nt main err code: 530
    TNS-00530: Message 530 not found; No message file for product=NET80, facility=TNS
    nt secondary err code: 0
    nt OS err code: 0


***********************************************************************
Fatal NI connect error 12203, connecting to:
 (DESCRIPTION=(ADDRESS_LIST=(ADDRESS=(PROTOCOL=BEQ)(PROGRAM=oracle80)(ARGV0=oracle80ORCL)(ARGS='(DESCRIPTION=(LOCAL=YES)(ADDRESS=(PROTOCOL=beq)))')))(CONNECT_DATA=(SID=ORCL)(CID=(PROGRAM=C:\PLSQL Developer 8.0.3.1510\plsqldev.exe)(HOST=AKU-PC)(USER=AKU))))

  VERSION INFORMATION:
	TNS for 32-bit Windows: Version 8.0.6.0.0 - Production
	Oracle Bequeath NT Protocol Adapter for 32-bit Windows: Version 8.0.6.0.0 - Production
  Time: 21-MAR-14 16:46:04
  Tracing not turned on.
  Tns error struct:
    nr err code: 12203
    TNS-12203: Message 12203 not found; No message file for product=NET80, facility=TNS
    ns main err code: 12560
    TNS-12560: Message 12560 not found; No message file for product=NET80, facility=TNS
    ns secondary err code: 0
    nt main err code: 530
    TNS-00530: Message 530 not found; No message file for product=NET80, facility=TNS
    nt secondary err code: 0
    nt OS err code: 0


***********************************************************************
Fatal NI connect error 12203, connecting to:
 (DESCRIPTION=(ADDRESS_LIST=(ADDRESS=(PROTOCOL=BEQ)(PROGRAM=oracle80)(ARGV0=oracle80ORCL)(ARGS='(DESCRIPTION=(LOCAL=YES)(ADDRESS=(PROTOCOL=beq)))')))(CONNECT_DATA=(SID=ORCL)(CID=(PROGRAM=C:\PLSQL Developer 8.0.3.1510\plsqldev.exe)(HOST=AKU-PC)(USER=AKU))))

  VERSION INFORMATION:
	TNS for 32-bit Windows: Version 8.0.6.0.0 - Production
	Oracle Bequeath NT Protocol Adapter for 32-bit Windows: Version 8.0.6.0.0 - Production
  Time: 21-MAR-14 16:47:58
  Tracing not turned on.
  Tns error struct:
    nr err code: 12203
    TNS-12203: Message 12203 not found; No message file for product=NET80, facility=TNS
    ns main err code: 12560
    TNS-12560: Message 12560 not found; No message file for product=NET80, facility=TNS
    ns secondary err code: 0
    nt main err code: 530
    TNS-00530: Message 530 not found; No message file for product=NET80, facility=TNS
    nt secondary err code: 0
    nt OS err code: 0
