
Creating package DW_COMMON_UTILS_ETL
====================================


Package created

Creating package DW_DAY_SALE_ETL
================================


Package created

Creating package DW_DM_LOAD_COST_DIM_PKG
========================================


Package created

Creating package DW_DM_MEP_ETL_PKG
==================================


Package created

Creating package DW_DM_SALE_COST_ETL_PKG
========================================


Package created

Creating package DW_HFM_CALCULATE_ACCOUNT
=========================================


Package created

Creating package DW_HFM_CALCULATE_ALL
=====================================


Package created

Creating package DW_HFM_CALCULATE_SCORE
=======================================


Package created

Creating package DW_HFM_DELETE_DIM_FACT
=======================================


Package created

Creating package DW_HFM_HANDLE_DATA_PKG
=======================================


Package created

Creating package DW_HFM_UTILITY
===============================


Package created

Creating package DW_HP_METEDATA_PKG
===================================


Package created

Creating package DW_HP_TBCBYS_PKG
=================================


Package created

Creating package DW_HP_TBCWYS_PKG
=================================


Package created

Creating package DW_HP_TBXHYB_PKG
=================================


Package created

Creating package DW_LOAD_BASE_BUDGET_ETL
========================================


Package created

Creating package DW_LOAD_CENTER_BUDGET_ETL
==========================================


Package created

Creating package DW_LOAD_CUSTOM_PROD_ETL
========================================


Package created

Creating package DW_LOAD_CUST_RANGE_ETL
=======================================


Package created

Creating package DW_LOAD_DELIVERY_ETL
=====================================


Package created

Creating package DW_LOAD_DISTRIBUTOR_BUDGE_ETL
==============================================


Package created

Creating package DW_LOAD_HIGH_ADD_PROD_ETL
==========================================


Package created

Creating package DW_LOAD_NEW_PROD_ETL
=====================================


Package created

Creating package DW_LOAD_PROVINCE_BUDGET_ETL
============================================


Package created

Creating package DW_LOAD_REGION_NEW_ETL
=======================================


Package created

Creating package DW_LOAD_SALE_BUDGE_ETL
=======================================


Package created

Creating package DW_LOAD_TRADE_LEVEL_ETL
========================================


Package created

Creating package DW_NEW_SALE_ETL
================================


Package created

Creating package body DW_COMMON_UTILS_ETL
=========================================


Package body created

Creating package body DW_DAY_SALE_ETL
=====================================


Package body created

Creating package body DW_DM_LOAD_COST_DIM_PKG
=============================================


Package body created

Creating package body DW_DM_MEP_ETL_PKG
=======================================


Package body created

Creating package body DW_DM_SALE_COST_ETL_PKG
=============================================


Package body created

Creating package body DW_HFM_CALCULATE_ACCOUNT
==============================================


Package body created

Creating package body DW_HFM_CALCULATE_ALL
==========================================


Package body created

Creating package body DW_HFM_CALCULATE_SCORE
============================================


Package body created

Creating package body DW_HFM_DELETE_DIM_FACT
============================================


Package body created

Creating package body DW_HFM_HANDLE_DATA_PKG
============================================


Package body created

Creating package body DW_HFM_UTILITY
====================================


Package body created

Creating package body DW_HP_METEDATA_PKG
========================================


Package body created

Creating package body DW_HP_TBCBYS_PKG
======================================


Package body created

Creating package body DW_HP_TBCWYS_PKG
======================================


Package body created

Creating package body DW_HP_TBXHYB_PKG
======================================


Package body created

Creating package body DW_LOAD_BASE_BUDGET_ETL
=============================================


Package body created

Creating package body DW_LOAD_CENTER_BUDGET_ETL
===============================================


Package body created

Creating package body DW_LOAD_CUSTOM_PROD_ETL
=============================================


Package body created

Creating package body DW_LOAD_CUST_RANGE_ETL
============================================


Package body created

Creating package body DW_LOAD_DELIVERY_ETL
==========================================


Package body created

Creating package body DW_LOAD_DISTRIBUTOR_BUDGE_ETL
===================================================


Package body created

Creating package body DW_LOAD_HIGH_ADD_PROD_ETL
===============================================


Package body created

Creating package body DW_LOAD_NEW_PROD_ETL
==========================================


Package body created

Creating package body DW_LOAD_PROVINCE_BUDGET_ETL
=================================================


Package body created

Creating package body DW_LOAD_REGION_NEW_ETL
============================================


Package body created

Creating package body DW_LOAD_SALE_BUDGE_ETL
============================================


Package body created

Creating package body DW_LOAD_TRADE_LEVEL_ETL
=============================================


Package body created

Creating package body DW_NEW_SALE_ETL
=====================================


Package body created
